auth.ts:153  GET http://localhost:5173/api/v1/auth/me 401 (Unauthorized)
dispatchXhrRequest @ axios.js?v=c56e4d9d:1696
xhr @ axios.js?v=c56e4d9d:1573
dispatchRequest @ axios.js?v=c56e4d9d:2107
Promise.then
_request @ axios.js?v=c56e4d9d:2310
request @ axios.js?v=c56e4d9d:2219
Axios.<computed> @ axios.js?v=c56e4d9d:2346
wrap @ axios.js?v=c56e4d9d:8
fetchMe @ auth.ts:153
wrappedAction @ pinia.js?v=fcb46523:5507
store.<computed> @ pinia.js?v=fcb46523:5204
initialize @ auth.ts:100
wrappedAction @ pinia.js?v=fcb46523:5507
store.<computed> @ pinia.js?v=fcb46523:5204
(anonymous) @ index.ts:208
(anonymous) @ vue-router.js?v=7970695f:595
runWithContext @ vue-router.js?v=7970695f:577
(anonymous) @ vue-router.js?v=7970695f:595
(anonymous) @ vue-router.js?v=7970695f:579
runWithContext @ chunk-2MKFL3BX.js?v=68644d38:6396
runWithContext @ vue-router.js?v=7970695f:2162
(anonymous) @ vue-router.js?v=7970695f:2351
Promise.then
(anonymous) @ vue-router.js?v=7970695f:2351
runGuardQueue @ vue-router.js?v=7970695f:2351
(anonymous) @ vue-router.js?v=7970695f:2177
Promise.then
navigate @ vue-router.js?v=7970695f:2173
pushWithRedirect @ vue-router.js?v=7970695f:2138
push @ vue-router.js?v=7970695f:2089
install @ vue-router.js?v=7970695f:2321
use @ chunk-2MKFL3BX.js?v=68644d38:6259
(anonymous) @ main.ts:13
leaflet.js?v=4b59e988:7008 Uncaught TypeError: Cannot read properties of null (reading '_latLngToNewLayerPoint')
    at NewClass._animateZoom (leaflet.js?v=4b59e988:7008:31)
    at NewClass.fire (leaflet.js?v=4b59e988:387:20)
    at NewClass._animateZoom (leaflet.js?v=4b59e988:3133:16)
    at NewClass.<anonymous> (leaflet.js?v=4b59e988:3119:65)
_animateZoom @ leaflet.js?v=4b59e988:7008
fire @ leaflet.js?v=4b59e988:387
_animateZoom @ leaflet.js?v=4b59e988:3133
(anonymous) @ leaflet.js?v=4b59e988:3119
requestAnimationFrame
requestAnimFrame @ leaflet.js?v=4b59e988:145
_tryAnimatedZoom @ leaflet.js?v=4b59e988:3118
setView @ leaflet.js?v=4b59e988:2066
setZoomAround @ leaflet.js?v=4b59e988:2104
_performZoom @ leaflet.js?v=4b59e988:9295
setTimeout
_onWheelScroll @ leaflet.js?v=4b59e988:9280
handler @ leaflet.js?v=4b59e988:1733
leaflet.js?v=4b59e988:7008 Uncaught TypeError: Cannot read properties of null (reading '_latLngToNewLayerPoint')
    at Proxy._animateZoom (leaflet.js?v=4b59e988:7008:31)
    at NewClass.fire (leaflet.js?v=4b59e988:387:20)
    at NewClass._animateZoom (leaflet.js?v=4b59e988:3133:16)
    at NewClass.<anonymous> (leaflet.js?v=4b59e988:3119:65)
_animateZoom @ leaflet.js?v=4b59e988:7008
fire @ leaflet.js?v=4b59e988:387
_animateZoom @ leaflet.js?v=4b59e988:3133
(anonymous) @ leaflet.js?v=4b59e988:3119
requestAnimationFrame
requestAnimFrame @ leaflet.js?v=4b59e988:145
_tryAnimatedZoom @ leaflet.js?v=4b59e988:3118
setView @ leaflet.js?v=4b59e988:2066
setZoomAround @ leaflet.js?v=4b59e988:2104
_performZoom @ leaflet.js?v=4b59e988:9295
setTimeout
_onWheelScroll @ leaflet.js?v=4b59e988:9280
handler @ leaflet.js?v=4b59e988:1733
leaflet.js?v=4b59e988:7008 Uncaught TypeError: Cannot read properties of null (reading '_latLngToNewLayerPoint')
    at Proxy._animateZoom (leaflet.js?v=4b59e988:7008:31)
    at NewClass.fire (leaflet.js?v=4b59e988:387:20)
    at NewClass._animateZoom (leaflet.js?v=4b59e988:3133:16)
    at NewClass.<anonymous> (leaflet.js?v=4b59e988:3119:65)
_animateZoom @ leaflet.js?v=4b59e988:7008
fire @ leaflet.js?v=4b59e988:387
_animateZoom @ leaflet.js?v=4b59e988:3133
(anonymous) @ leaflet.js?v=4b59e988:3119
requestAnimationFrame
requestAnimFrame @ leaflet.js?v=4b59e988:145
_tryAnimatedZoom @ leaflet.js?v=4b59e988:3118
setView @ leaflet.js?v=4b59e988:2066
setZoomAround @ leaflet.js?v=4b59e988:2104
_performZoom @ leaflet.js?v=4b59e988:9295
setTimeout
_onWheelScroll @ leaflet.js?v=4b59e988:9280
handler @ leaflet.js?v=4b59e988:1733
leaflet.js?v=4b59e988:7008 Uncaught TypeError: Cannot read properties of null (reading '_latLngToNewLayerPoint')
    at Proxy._animateZoom (leaflet.js?v=4b59e988:7008:31)
    at NewClass.fire (leaflet.js?v=4b59e988:387:20)
    at NewClass._animateZoom (leaflet.js?v=4b59e988:3133:16)
    at NewClass.<anonymous> (leaflet.js?v=4b59e988:3119:65)
_animateZoom @ leaflet.js?v=4b59e988:7008
fire @ leaflet.js?v=4b59e988:387
_animateZoom @ leaflet.js?v=4b59e988:3133
(anonymous) @ leaflet.js?v=4b59e988:3119
requestAnimationFrame
requestAnimFrame @ leaflet.js?v=4b59e988:145
_tryAnimatedZoom @ leaflet.js?v=4b59e988:3118
setView @ leaflet.js?v=4b59e988:2066
setZoomAround @ leaflet.js?v=4b59e988:2104
_performZoom @ leaflet.js?v=4b59e988:9295
setTimeout
_onWheelScroll @ leaflet.js?v=4b59e988:9280
handler @ leaflet.js?v=4b59e988:1733
realApi.ts:238  GET http://localhost:5173/api/v1/listings?priceMin=50&priceMax=400&guests=1&areaMin=0&areaMax=100000&centerLat=44.8118891921354&centerLng=20.463403420863724&radiusKm=1&location=&page=1&perPage=10&mapMode=true 429 (Too Many Requests)
dispatchXhrRequest @ axios.js?v=c56e4d9d:1696
xhr @ axios.js?v=c56e4d9d:1573
dispatchRequest @ axios.js?v=c56e4d9d:2107
Promise.then
_request @ axios.js?v=c56e4d9d:2310
request @ axios.js?v=c56e4d9d:2219
Axios.<computed> @ axios.js?v=c56e4d9d:2346
wrap @ axios.js?v=c56e4d9d:8
searchListings @ realApi.ts:238
search @ listings.ts:175
wrappedAction @ pinia.js?v=fcb46523:5507
store.<computed> @ pinia.js?v=fcb46523:5204
runSearch @ Search.vue:208
watch.deep @ Search.vue:298
callWithErrorHandling @ chunk-2MKFL3BX.js?v=68644d38:2342
callWithAsyncErrorHandling @ chunk-2MKFL3BX.js?v=68644d38:2349
baseWatchOptions.call @ chunk-2MKFL3BX.js?v=68644d38:3027
job @ chunk-2MKFL3BX.js?v=68644d38:2072
flushPreFlushCbs @ chunk-2MKFL3BX.js?v=68644d38:2498
updateComponentPreRender @ chunk-2MKFL3BX.js?v=68644d38:8350
componentUpdateFn @ chunk-2MKFL3BX.js?v=68644d38:8269
run @ chunk-2MKFL3BX.js?v=68644d38:505
updateComponent @ chunk-2MKFL3BX.js?v=68644d38:8143
processComponent @ chunk-2MKFL3BX.js?v=68644d38:8077
patch @ chunk-2MKFL3BX.js?v=68644d38:7562
patchKeyedChildren @ chunk-2MKFL3BX.js?v=68644d38:8483
patchChildren @ chunk-2MKFL3BX.js?v=68644d38:8397
processFragment @ chunk-2MKFL3BX.js?v=68644d38:8040
patch @ chunk-2MKFL3BX.js?v=68644d38:7536
patchBlockChildren @ chunk-2MKFL3BX.js?v=68644d38:7936
patchElement @ chunk-2MKFL3BX.js?v=68644d38:7854
processElement @ chunk-2MKFL3BX.js?v=68644d38:7708
patch @ chunk-2MKFL3BX.js?v=68644d38:7550
componentUpdateFn @ chunk-2MKFL3BX.js?v=68644d38:8292
run @ chunk-2MKFL3BX.js?v=68644d38:505
updateComponent @ chunk-2MKFL3BX.js?v=68644d38:8143
processComponent @ chunk-2MKFL3BX.js?v=68644d38:8077
patch @ chunk-2MKFL3BX.js?v=68644d38:7562
componentUpdateFn @ chunk-2MKFL3BX.js?v=68644d38:8292
run @ chunk-2MKFL3BX.js?v=68644d38:505
runIfDirty @ chunk-2MKFL3BX.js?v=68644d38:543
callWithErrorHandling @ chunk-2MKFL3BX.js?v=68644d38:2342
flushJobs @ chunk-2MKFL3BX.js?v=68644d38:2550
Promise.then
queueFlush @ chunk-2MKFL3BX.js?v=68644d38:2464
queuePostFlushCb @ chunk-2MKFL3BX.js?v=68644d38:2478
queueEffectWithSuspense @ chunk-2MKFL3BX.js?v=68644d38:9614
baseWatchOptions.scheduler @ chunk-2MKFL3BX.js?v=68644d38:3031
effect2.scheduler @ chunk-2MKFL3BX.js?v=68644d38:2088
trigger @ chunk-2MKFL3BX.js?v=68644d38:533
endBatch @ chunk-2MKFL3BX.js?v=68644d38:591
notify @ chunk-2MKFL3BX.js?v=68644d38:853
trigger @ chunk-2MKFL3BX.js?v=68644d38:827
set value @ chunk-2MKFL3BX.js?v=68644d38:1734
finalizeNavigation @ vue-router.js?v=7970695f:2213
(anonymous) @ vue-router.js?v=7970695f:2151
Promise.then
pushWithRedirect @ vue-router.js?v=7970695f:2138
push @ vue-router.js?v=7970695f:2089
replace @ vue-router.js?v=7970695f:2092
syncQueryParams @ Search.vue:145
handleCenterChange @ Search.vue:244
callWithErrorHandling @ chunk-2MKFL3BX.js?v=68644d38:2342
callWithAsyncErrorHandling @ chunk-2MKFL3BX.js?v=68644d38:2349
emit @ chunk-2MKFL3BX.js?v=68644d38:6534
(anonymous) @ chunk-2MKFL3BX.js?v=68644d38:10390
(anonymous) @ MapExplorer.vue:89
fire @ leaflet.js?v=4b59e988:387
_onDrag @ leaflet.js?v=4b59e988:9052
fire @ leaflet.js?v=4b59e988:387
_updatePosition @ leaflet.js?v=4b59e988:4007
_onMove @ leaflet.js?v=4b59e988:4001
handler @ leaflet.js?v=4b59e988:1733
realApi.ts:238  GET http://localhost:5173/api/v1/listings?priceMin=50&priceMax=400&guests=1&areaMin=0&areaMax=100000&centerLat=44.81183798959888&centerLng=20.46333124614548&radiusKm=1&location=&page=1&perPage=10&mapMode=true 429 (Too Many Requests)
dispatchXhrRequest @ axios.js?v=c56e4d9d:1696
xhr @ axios.js?v=c56e4d9d:1573
dispatchRequest @ axios.js?v=c56e4d9d:2107
Promise.then
_request @ axios.js?v=c56e4d9d:2310
request @ axios.js?v=c56e4d9d:2219
Axios.<computed> @ axios.js?v=c56e4d9d:2346
wrap @ axios.js?v=c56e4d9d:8
searchListings @ realApi.ts:238
search @ listings.ts:175
wrappedAction @ pinia.js?v=fcb46523:5507
store.<computed> @ pinia.js?v=fcb46523:5204
runSearch @ Search.vue:208
watch.deep @ Search.vue:298
callWithErrorHandling @ chunk-2MKFL3BX.js?v=68644d38:2342
callWithAsyncErrorHandling @ chunk-2MKFL3BX.js?v=68644d38:2349
baseWatchOptions.call @ chunk-2MKFL3BX.js?v=68644d38:3027
job @ chunk-2MKFL3BX.js?v=68644d38:2072
flushPreFlushCbs @ chunk-2MKFL3BX.js?v=68644d38:2498
updateComponentPreRender @ chunk-2MKFL3BX.js?v=68644d38:8350
componentUpdateFn @ chunk-2MKFL3BX.js?v=68644d38:8269
run @ chunk-2MKFL3BX.js?v=68644d38:505
updateComponent @ chunk-2MKFL3BX.js?v=68644d38:8143
processComponent @ chunk-2MKFL3BX.js?v=68644d38:8077
patch @ chunk-2MKFL3BX.js?v=68644d38:7562
patchKeyedChildren @ chunk-2MKFL3BX.js?v=68644d38:8483
patchChildren @ chunk-2MKFL3BX.js?v=68644d38:8397
processFragment @ chunk-2MKFL3BX.js?v=68644d38:8040
patch @ chunk-2MKFL3BX.js?v=68644d38:7536
patchBlockChildren @ chunk-2MKFL3BX.js?v=68644d38:7936
patchElement @ chunk-2MKFL3BX.js?v=68644d38:7854
processElement @ chunk-2MKFL3BX.js?v=68644d38:7708
patch @ chunk-2MKFL3BX.js?v=68644d38:7550
componentUpdateFn @ chunk-2MKFL3BX.js?v=68644d38:8292
run @ chunk-2MKFL3BX.js?v=68644d38:505
updateComponent @ chunk-2MKFL3BX.js?v=68644d38:8143
processComponent @ chunk-2MKFL3BX.js?v=68644d38:8077
patch @ chunk-2MKFL3BX.js?v=68644d38:7562
componentUpdateFn @ chunk-2MKFL3BX.js?v=68644d38:8292
run @ chunk-2MKFL3BX.js?v=68644d38:505
runIfDirty @ chunk-2MKFL3BX.js?v=68644d38:543
callWithErrorHandling @ chunk-2MKFL3BX.js?v=68644d38:2342
flushJobs @ chunk-2MKFL3BX.js?v=68644d38:2550
Promise.then
queueFlush @ chunk-2MKFL3BX.js?v=68644d38:2464
queuePostFlushCb @ chunk-2MKFL3BX.js?v=68644d38:2478
queueEffectWithSuspense @ chunk-2MKFL3BX.js?v=68644d38:9614
baseWatchOptions.scheduler @ chunk-2MKFL3BX.js?v=68644d38:3031
effect2.scheduler @ chunk-2MKFL3BX.js?v=68644d38:2088
trigger @ chunk-2MKFL3BX.js?v=68644d38:533
endBatch @ chunk-2MKFL3BX.js?v=68644d38:591
notify @ chunk-2MKFL3BX.js?v=68644d38:853
trigger @ chunk-2MKFL3BX.js?v=68644d38:827
set value @ chunk-2MKFL3BX.js?v=68644d38:1734
finalizeNavigation @ vue-router.js?v=7970695f:2213
(anonymous) @ vue-router.js?v=7970695f:2151
Promise.then
pushWithRedirect @ vue-router.js?v=7970695f:2138
push @ vue-router.js?v=7970695f:2089
replace @ vue-router.js?v=7970695f:2092
syncQueryParams @ Search.vue:145
handleCenterChange @ Search.vue:244
callWithErrorHandling @ chunk-2MKFL3BX.js?v=68644d38:2342
callWithAsyncErrorHandling @ chunk-2MKFL3BX.js?v=68644d38:2349
emit @ chunk-2MKFL3BX.js?v=68644d38:6534
(anonymous) @ chunk-2MKFL3BX.js?v=68644d38:10390
(anonymous) @ MapExplorer.vue:89
fire @ leaflet.js?v=4b59e988:387
_onDrag @ leaflet.js?v=4b59e988:9052
fire @ leaflet.js?v=4b59e988:387
_updatePosition @ leaflet.js?v=4b59e988:4007
_onMove @ leaflet.js?v=4b59e988:4001
handler @ leaflet.js?v=4b59e988:1733
realApi.ts:238  GET http://localhost:5173/api/v1/listings?priceMin=50&priceMax=400&guests=1&areaMin=0&areaMax=100000&centerLat=44.81178678701683&centerLng=20.463259071427196&radiusKm=1&location=&page=1&perPage=10&mapMode=true 429 (Too Many Requests)
dispatchXhrRequest @ axios.js?v=c56e4d9d:1696
xhr @ axios.js?v=c56e4d9d:1573
dispatchRequest @ axios.js?v=c56e4d9d:2107
Promise.then
_request @ axios.js?v=c56e4d9d:2310
request @ axios.js?v=c56e4d9d:2219
Axios.<computed> @ axios.js?v=c56e4d9d:2346
wrap @ axios.js?v=c56e4d9d:8
searchListings @ realApi.ts:238
search @ listings.ts:175
wrappedAction @ pinia.js?v=fcb46523:5507
store.<computed> @ pinia.js?v=fcb46523:5204
runSearch @ Search.vue:208
watch.deep @ Search.vue:298
callWithErrorHandling @ chunk-2MKFL3BX.js?v=68644d38:2342
callWithAsyncErrorHandling @ chunk-2MKFL3BX.js?v=68644d38:2349
baseWatchOptions.call @ chunk-2MKFL3BX.js?v=68644d38:3027
job @ chunk-2MKFL3BX.js?v=68644d38:2072
flushPreFlushCbs @ chunk-2MKFL3BX.js?v=68644d38:2498
updateComponentPreRender @ chunk-2MKFL3BX.js?v=68644d38:8350
componentUpdateFn @ chunk-2MKFL3BX.js?v=68644d38:8269
run @ chunk-2MKFL3BX.js?v=68644d38:505
updateComponent @ chunk-2MKFL3BX.js?v=68644d38:8143
processComponent @ chunk-2MKFL3BX.js?v=68644d38:8077
patch @ chunk-2MKFL3BX.js?v=68644d38:7562
patchKeyedChildren @ chunk-2MKFL3BX.js?v=68644d38:8483
patchChildren @ chunk-2MKFL3BX.js?v=68644d38:8397
processFragment @ chunk-2MKFL3BX.js?v=68644d38:8040
patch @ chunk-2MKFL3BX.js?v=68644d38:7536
patchBlockChildren @ chunk-2MKFL3BX.js?v=68644d38:7936
patchElement @ chunk-2MKFL3BX.js?v=68644d38:7854
processElement @ chunk-2MKFL3BX.js?v=68644d38:7708
patch @ chunk-2MKFL3BX.js?v=68644d38:7550
componentUpdateFn @ chunk-2MKFL3BX.js?v=68644d38:8292
run @ chunk-2MKFL3BX.js?v=68644d38:505
updateComponent @ chunk-2MKFL3BX.js?v=68644d38:8143
processComponent @ chunk-2MKFL3BX.js?v=68644d38:8077
patch @ chunk-2MKFL3BX.js?v=68644d38:7562
componentUpdateFn @ chunk-2MKFL3BX.js?v=68644d38:8292
run @ chunk-2MKFL3BX.js?v=68644d38:505
runIfDirty @ chunk-2MKFL3BX.js?v=68644d38:543
callWithErrorHandling @ chunk-2MKFL3BX.js?v=68644d38:2342
flushJobs @ chunk-2MKFL3BX.js?v=68644d38:2550
Promise.then
queueFlush @ chunk-2MKFL3BX.js?v=68644d38:2464
queuePostFlushCb @ chunk-2MKFL3BX.js?v=68644d38:2478
queueEffectWithSuspense @ chunk-2MKFL3BX.js?v=68644d38:9614
baseWatchOptions.scheduler @ chunk-2MKFL3BX.js?v=68644d38:3031
effect2.scheduler @ chunk-2MKFL3BX.js?v=68644d38:2088
trigger @ chunk-2MKFL3BX.js?v=68644d38:533
endBatch @ chunk-2MKFL3BX.js?v=68644d38:591
notify @ chunk-2MKFL3BX.js?v=68644d38:853
trigger @ chunk-2MKFL3BX.js?v=68644d38:827
set value @ chunk-2MKFL3BX.js?v=68644d38:1734
finalizeNavigation @ vue-router.js?v=7970695f:2213
(anonymous) @ vue-router.js?v=7970695f:2151
Promise.then
pushWithRedirect @ vue-router.js?v=7970695f:2138
push @ vue-router.js?v=7970695f:2089
replace @ vue-router.js?v=7970695f:2092
syncQueryParams @ Search.vue:145
handleCenterChange @ Search.vue:244
callWithErrorHandling @ chunk-2MKFL3BX.js?v=68644d38:2342
callWithAsyncErrorHandling @ chunk-2MKFL3BX.js?v=68644d38:2349
emit @ chunk-2MKFL3BX.js?v=68644d38:6534
(anonymous) @ chunk-2MKFL3BX.js?v=68644d38:10390
(anonymous) @ MapExplorer.vue:89
fire @ leaflet.js?v=4b59e988:387
_onDrag @ leaflet.js?v=4b59e988:9052
fire @ leaflet.js?v=4b59e988:387
_updatePosition @ leaflet.js?v=4b59e988:4007
_onMove @ leaflet.js?v=4b59e988:4001
handler @ leaflet.js?v=4b59e988:1733
realApi.ts:238  GET http://localhost:5173/api/v1/listings?priceMin=50&priceMax=400&guests=1&areaMin=0&areaMax=100000&centerLat=44.81173558438937&centerLng=20.463259071427196&radiusKm=1&location=&page=1&perPage=10&mapMode=true 429 (Too Many Requests)
dispatchXhrRequest @ axios.js?v=c56e4d9d:1696
xhr @ axios.js?v=c56e4d9d:1573
dispatchRequest @ axios.js?v=c56e4d9d:2107
Promise.then
_request @ axios.js?v=c56e4d9d:2310
request @ axios.js?v=c56e4d9d:2219
Axios.<computed> @ axios.js?v=c56e4d9d:2346
wrap @ axios.js?v=c56e4d9d:8
searchListings @ realApi.ts:238
search @ listings.ts:175
wrappedAction @ pinia.js?v=fcb46523:5507
store.<computed> @ pinia.js?v=fcb46523:5204
runSearch @ Search.vue:208
watch.deep @ Search.vue:298
callWithErrorHandling @ chunk-2MKFL3BX.js?v=68644d38:2342
callWithAsyncErrorHandling @ chunk-2MKFL3BX.js?v=68644d38:2349
baseWatchOptions.call @ chunk-2MKFL3BX.js?v=68644d38:3027
job @ chunk-2MKFL3BX.js?v=68644d38:2072
flushPreFlushCbs @ chunk-2MKFL3BX.js?v=68644d38:2498
updateComponentPreRender @ chunk-2MKFL3BX.js?v=68644d38:8350
componentUpdateFn @ chunk-2MKFL3BX.js?v=68644d38:8269
run @ chunk-2MKFL3BX.js?v=68644d38:505
updateComponent @ chunk-2MKFL3BX.js?v=68644d38:8143
processComponent @ chunk-2MKFL3BX.js?v=68644d38:8077
patch @ chunk-2MKFL3BX.js?v=68644d38:7562
patchKeyedChildren @ chunk-2MKFL3BX.js?v=68644d38:8483
patchChildren @ chunk-2MKFL3BX.js?v=68644d38:8397
processFragment @ chunk-2MKFL3BX.js?v=68644d38:8040
patch @ chunk-2MKFL3BX.js?v=68644d38:7536
patchBlockChildren @ chunk-2MKFL3BX.js?v=68644d38:7936
patchElement @ chunk-2MKFL3BX.js?v=68644d38:7854
processElement @ chunk-2MKFL3BX.js?v=68644d38:7708
patch @ chunk-2MKFL3BX.js?v=68644d38:7550
componentUpdateFn @ chunk-2MKFL3BX.js?v=68644d38:8292
run @ chunk-2MKFL3BX.js?v=68644d38:505
updateComponent @ chunk-2MKFL3BX.js?v=68644d38:8143
processComponent @ chunk-2MKFL3BX.js?v=68644d38:8077
patch @ chunk-2MKFL3BX.js?v=68644d38:7562
componentUpdateFn @ chunk-2MKFL3BX.js?v=68644d38:8292
run @ chunk-2MKFL3BX.js?v=68644d38:505
runIfDirty @ chunk-2MKFL3BX.js?v=68644d38:543
callWithErrorHandling @ chunk-2MKFL3BX.js?v=68644d38:2342
flushJobs @ chunk-2MKFL3BX.js?v=68644d38:2550
Promise.then
queueFlush @ chunk-2MKFL3BX.js?v=68644d38:2464
queuePostFlushCb @ chunk-2MKFL3BX.js?v=68644d38:2478
queueEffectWithSuspense @ chunk-2MKFL3BX.js?v=68644d38:9614
baseWatchOptions.scheduler @ chunk-2MKFL3BX.js?v=68644d38:3031
effect2.scheduler @ chunk-2MKFL3BX.js?v=68644d38:2088
trigger @ chunk-2MKFL3BX.js?v=68644d38:533
endBatch @ chunk-2MKFL3BX.js?v=68644d38:591
notify @ chunk-2MKFL3BX.js?v=68644d38:853
trigger @ chunk-2MKFL3BX.js?v=68644d38:827
set value @ chunk-2MKFL3BX.js?v=68644d38:1734
finalizeNavigation @ vue-router.js?v=7970695f:2213
(anonymous) @ vue-router.js?v=7970695f:2151
Promise.then
pushWithRedirect @ vue-router.js?v=7970695f:2138
push @ vue-router.js?v=7970695f:2089
replace @ vue-router.js?v=7970695f:2092
syncQueryParams @ Search.vue:145
handleCenterChange @ Search.vue:244
callWithErrorHandling @ chunk-2MKFL3BX.js?v=68644d38:2342
callWithAsyncErrorHandling @ chunk-2MKFL3BX.js?v=68644d38:2349
emit @ chunk-2MKFL3BX.js?v=68644d38:6534
(anonymous) @ chunk-2MKFL3BX.js?v=68644d38:10390
(anonymous) @ MapExplorer.vue:89
fire @ leaflet.js?v=4b59e988:387
_onDrag @ leaflet.js?v=4b59e988:9052
fire @ leaflet.js?v=4b59e988:387
_updatePosition @ leaflet.js?v=4b59e988:4007
_onMove @ leaflet.js?v=4b59e988:4001
handler @ leaflet.js?v=4b59e988:1733
realApi.ts:238  GET http://localhost:5173/api/v1/listings?priceMin=50&priceMax=400&guests=1&areaMin=0&areaMax=100000&centerLat=44.81173558438937&centerLng=20.463186896708958&radiusKm=1&location=&page=1&perPage=10&mapMode=true 429 (Too Many Requests)
dispatchXhrRequest @ axios.js?v=c56e4d9d:1696
xhr @ axios.js?v=c56e4d9d:1573
dispatchRequest @ axios.js?v=c56e4d9d:2107
Promise.then
_request @ axios.js?v=c56e4d9d:2310
request @ axios.js?v=c56e4d9d:2219
Axios.<computed> @ axios.js?v=c56e4d9d:2346
wrap @ axios.js?v=c56e4d9d:8
searchListings @ realApi.ts:238
search @ listings.ts:175
wrappedAction @ pinia.js?v=fcb46523:5507
store.<computed> @ pinia.js?v=fcb46523:5204
runSearch @ Search.vue:208
watch.deep @ Search.vue:298
callWithErrorHandling @ chunk-2MKFL3BX.js?v=68644d38:2342
callWithAsyncErrorHandling @ chunk-2MKFL3BX.js?v=68644d38:2349
baseWatchOptions.call @ chunk-2MKFL3BX.js?v=68644d38:3027
job @ chunk-2MKFL3BX.js?v=68644d38:2072
flushPreFlushCbs @ chunk-2MKFL3BX.js?v=68644d38:2498
updateComponentPreRender @ chunk-2MKFL3BX.js?v=68644d38:8350
componentUpdateFn @ chunk-2MKFL3BX.js?v=68644d38:8269
run @ chunk-2MKFL3BX.js?v=68644d38:505
updateComponent @ chunk-2MKFL3BX.js?v=68644d38:8143
processComponent @ chunk-2MKFL3BX.js?v=68644d38:8077
patch @ chunk-2MKFL3BX.js?v=68644d38:7562
patchKeyedChildren @ chunk-2MKFL3BX.js?v=68644d38:8483
patchChildren @ chunk-2MKFL3BX.js?v=68644d38:8397
processFragment @ chunk-2MKFL3BX.js?v=68644d38:8040
patch @ chunk-2MKFL3BX.js?v=68644d38:7536
patchBlockChildren @ chunk-2MKFL3BX.js?v=68644d38:7936
patchElement @ chunk-2MKFL3BX.js?v=68644d38:7854
processElement @ chunk-2MKFL3BX.js?v=68644d38:7708
patch @ chunk-2MKFL3BX.js?v=68644d38:7550
componentUpdateFn @ chunk-2MKFL3BX.js?v=68644d38:8292
run @ chunk-2MKFL3BX.js?v=68644d38:505
updateComponent @ chunk-2MKFL3BX.js?v=68644d38:8143
processComponent @ chunk-2MKFL3BX.js?v=68644d38:8077
patch @ chunk-2MKFL3BX.js?v=68644d38:7562
componentUpdateFn @ chunk-2MKFL3BX.js?v=68644d38:8292
run @ chunk-2MKFL3BX.js?v=68644d38:505
runIfDirty @ chunk-2MKFL3BX.js?v=68644d38:543
callWithErrorHandling @ chunk-2MKFL3BX.js?v=68644d38:2342
flushJobs @ chunk-2MKFL3BX.js?v=68644d38:2550
Promise.then
queueFlush @ chunk-2MKFL3BX.js?v=68644d38:2464
queuePostFlushCb @ chunk-2MKFL3BX.js?v=68644d38:2478
queueEffectWithSuspense @ chunk-2MKFL3BX.js?v=68644d38:9614
baseWatchOptions.scheduler @ chunk-2MKFL3BX.js?v=68644d38:3031
effect2.scheduler @ chunk-2MKFL3BX.js?v=68644d38:2088
trigger @ chunk-2MKFL3BX.js?v=68644d38:533
endBatch @ chunk-2MKFL3BX.js?v=68644d38:591
notify @ chunk-2MKFL3BX.js?v=68644d38:853
trigger @ chunk-2MKFL3BX.js?v=68644d38:827
set value @ chunk-2MKFL3BX.js?v=68644d38:1734
finalizeNavigation @ vue-router.js?v=7970695f:2213
(anonymous) @ vue-router.js?v=7970695f:2151
Promise.then
pushWithRedirect @ vue-router.js?v=7970695f:2138
push @ vue-router.js?v=7970695f:2089
replace @ vue-router.js?v=7970695f:2092
syncQueryParams @ Search.vue:145
handleCenterChange @ Search.vue:244
callWithErrorHandling @ chunk-2MKFL3BX.js?v=68644d38:2342
callWithAsyncErrorHandling @ chunk-2MKFL3BX.js?v=68644d38:2349
emit @ chunk-2MKFL3BX.js?v=68644d38:6534
(anonymous) @ chunk-2MKFL3BX.js?v=68644d38:10390
(anonymous) @ MapExplorer.vue:89
fire @ leaflet.js?v=4b59e988:387
_onDrag @ leaflet.js?v=4b59e988:9052
fire @ leaflet.js?v=4b59e988:387
_updatePosition @ leaflet.js?v=4b59e988:4007
_onMove @ leaflet.js?v=4b59e988:4001
handler @ leaflet.js?v=4b59e988:1733
realApi.ts:238  GET http://localhost:5173/api/v1/listings?priceMin=50&priceMax=400&guests=1&areaMin=0&areaMax=100000&centerLat=44.81173558438937&centerLng=20.463114721990713&radiusKm=1&location=&page=1&perPage=10&mapMode=true 429 (Too Many Requests)
dispatchXhrRequest @ axios.js?v=c56e4d9d:1696
xhr @ axios.js?v=c56e4d9d:1573
dispatchRequest @ axios.js?v=c56e4d9d:2107
Promise.then
_request @ axios.js?v=c56e4d9d:2310
request @ axios.js?v=c56e4d9d:2219
Axios.<computed> @ axios.js?v=c56e4d9d:2346
wrap @ axios.js?v=c56e4d9d:8
searchListings @ realApi.ts:238
search @ listings.ts:175
wrappedAction @ pinia.js?v=fcb46523:5507
store.<computed> @ pinia.js?v=fcb46523:5204
runSearch @ Search.vue:208
watch.deep @ Search.vue:298
callWithErrorHandling @ chunk-2MKFL3BX.js?v=68644d38:2342
callWithAsyncErrorHandling @ chunk-2MKFL3BX.js?v=68644d38:2349
baseWatchOptions.call @ chunk-2MKFL3BX.js?v=68644d38:3027
job @ chunk-2MKFL3BX.js?v=68644d38:2072
flushPreFlushCbs @ chunk-2MKFL3BX.js?v=68644d38:2498
updateComponentPreRender @ chunk-2MKFL3BX.js?v=68644d38:8350
componentUpdateFn @ chunk-2MKFL3BX.js?v=68644d38:8269
run @ chunk-2MKFL3BX.js?v=68644d38:505
updateComponent @ chunk-2MKFL3BX.js?v=68644d38:8143
processComponent @ chunk-2MKFL3BX.js?v=68644d38:8077
patch @ chunk-2MKFL3BX.js?v=68644d38:7562
patchKeyedChildren @ chunk-2MKFL3BX.js?v=68644d38:8483
patchChildren @ chunk-2MKFL3BX.js?v=68644d38:8397
processFragment @ chunk-2MKFL3BX.js?v=68644d38:8040
patch @ chunk-2MKFL3BX.js?v=68644d38:7536
patchBlockChildren @ chunk-2MKFL3BX.js?v=68644d38:7936
patchElement @ chunk-2MKFL3BX.js?v=68644d38:7854
processElement @ chunk-2MKFL3BX.js?v=68644d38:7708
patch @ chunk-2MKFL3BX.js?v=68644d38:7550
componentUpdateFn @ chunk-2MKFL3BX.js?v=68644d38:8292
run @ chunk-2MKFL3BX.js?v=68644d38:505
updateComponent @ chunk-2MKFL3BX.js?v=68644d38:8143
processComponent @ chunk-2MKFL3BX.js?v=68644d38:8077
patch @ chunk-2MKFL3BX.js?v=68644d38:7562
componentUpdateFn @ chunk-2MKFL3BX.js?v=68644d38:8292
run @ chunk-2MKFL3BX.js?v=68644d38:505
runIfDirty @ chunk-2MKFL3BX.js?v=68644d38:543
callWithErrorHandling @ chunk-2MKFL3BX.js?v=68644d38:2342
flushJobs @ chunk-2MKFL3BX.js?v=68644d38:2550
Promise.then
queueFlush @ chunk-2MKFL3BX.js?v=68644d38:2464
queuePostFlushCb @ chunk-2MKFL3BX.js?v=68644d38:2478
queueEffectWithSuspense @ chunk-2MKFL3BX.js?v=68644d38:9614
baseWatchOptions.scheduler @ chunk-2MKFL3BX.js?v=68644d38:3031
effect2.scheduler @ chunk-2MKFL3BX.js?v=68644d38:2088
trigger @ chunk-2MKFL3BX.js?v=68644d38:533
endBatch @ chunk-2MKFL3BX.js?v=68644d38:591
notify @ chunk-2MKFL3BX.js?v=68644d38:853
trigger @ chunk-2MKFL3BX.js?v=68644d38:827
set value @ chunk-2MKFL3BX.js?v=68644d38:1734
finalizeNavigation @ vue-router.js?v=7970695f:2213
(anonymous) @ vue-router.js?v=7970695f:2151
Promise.then
pushWithRedirect @ vue-router.js?v=7970695f:2138
push @ vue-router.js?v=7970695f:2089
replace @ vue-router.js?v=7970695f:2092
syncQueryParams @ Search.vue:145
handleCenterChange @ Search.vue:244
callWithErrorHandling @ chunk-2MKFL3BX.js?v=68644d38:2342
callWithAsyncErrorHandling @ chunk-2MKFL3BX.js?v=68644d38:2349
emit @ chunk-2MKFL3BX.js?v=68644d38:6534
(anonymous) @ chunk-2MKFL3BX.js?v=68644d38:10390
(anonymous) @ MapExplorer.vue:89
fire @ leaflet.js?v=4b59e988:387
_onDrag @ leaflet.js?v=4b59e988:9052
fire @ leaflet.js?v=4b59e988:387
_updatePosition @ leaflet.js?v=4b59e988:4007
_onMove @ leaflet.js?v=4b59e988:4001
handler @ leaflet.js?v=4b59e988:1733
realApi.ts:238  GET http://localhost:5173/api/v1/listings?priceMin=50&priceMax=400&guests=1&areaMin=0&areaMax=100000&centerLat=44.81173558438937&centerLng=20.463042547272433&radiusKm=1&location=&page=1&perPage=10&mapMode=true 429 (Too Many Requests)
dispatchXhrRequest @ axios.js?v=c56e4d9d:1696
xhr @ axios.js?v=c56e4d9d:1573
dispatchRequest @ axios.js?v=c56e4d9d:2107
Promise.then
_request @ axios.js?v=c56e4d9d:2310
request @ axios.js?v=c56e4d9d:2219
Axios.<computed> @ axios.js?v=c56e4d9d:2346
wrap @ axios.js?v=c56e4d9d:8
searchListings @ realApi.ts:238
search @ listings.ts:175
wrappedAction @ pinia.js?v=fcb46523:5507
store.<computed> @ pinia.js?v=fcb46523:5204
runSearch @ Search.vue:208
watch.deep @ Search.vue:298
callWithErrorHandling @ chunk-2MKFL3BX.js?v=68644d38:2342
callWithAsyncErrorHandling @ chunk-2MKFL3BX.js?v=68644d38:2349
baseWatchOptions.call @ chunk-2MKFL3BX.js?v=68644d38:3027
job @ chunk-2MKFL3BX.js?v=68644d38:2072
flushPreFlushCbs @ chunk-2MKFL3BX.js?v=68644d38:2498
updateComponentPreRender @ chunk-2MKFL3BX.js?v=68644d38:8350
componentUpdateFn @ chunk-2MKFL3BX.js?v=68644d38:8269
run @ chunk-2MKFL3BX.js?v=68644d38:505
updateComponent @ chunk-2MKFL3BX.js?v=68644d38:8143
processComponent @ chunk-2MKFL3BX.js?v=68644d38:8077
patch @ chunk-2MKFL3BX.js?v=68644d38:7562
patchKeyedChildren @ chunk-2MKFL3BX.js?v=68644d38:8483
patchChildren @ chunk-2MKFL3BX.js?v=68644d38:8397
processFragment @ chunk-2MKFL3BX.js?v=68644d38:8040
patch @ chunk-2MKFL3BX.js?v=68644d38:7536
patchBlockChildren @ chunk-2MKFL3BX.js?v=68644d38:7936
patchElement @ chunk-2MKFL3BX.js?v=68644d38:7854
processElement @ chunk-2MKFL3BX.js?v=68644d38:7708
patch @ chunk-2MKFL3BX.js?v=68644d38:7550
componentUpdateFn @ chunk-2MKFL3BX.js?v=68644d38:8292
run @ chunk-2MKFL3BX.js?v=68644d38:505
updateComponent @ chunk-2MKFL3BX.js?v=68644d38:8143
processComponent @ chunk-2MKFL3BX.js?v=68644d38:8077
patch @ chunk-2MKFL3BX.js?v=68644d38:7562
componentUpdateFn @ chunk-2MKFL3BX.js?v=68644d38:8292
run @ chunk-2MKFL3BX.js?v=68644d38:505
runIfDirty @ chunk-2MKFL3BX.js?v=68644d38:543
callWithErrorHandling @ chunk-2MKFL3BX.js?v=68644d38:2342
flushJobs @ chunk-2MKFL3BX.js?v=68644d38:2550
Promise.then
queueFlush @ chunk-2MKFL3BX.js?v=68644d38:2464
queuePostFlushCb @ chunk-2MKFL3BX.js?v=68644d38:2478
queueEffectWithSuspense @ chunk-2MKFL3BX.js?v=68644d38:9614
baseWatchOptions.scheduler @ chunk-2MKFL3BX.js?v=68644d38:3031
effect2.scheduler @ chunk-2MKFL3BX.js?v=68644d38:2088
trigger @ chunk-2MKFL3BX.js?v=68644d38:533
endBatch @ chunk-2MKFL3BX.js?v=68644d38:591
notify @ chunk-2MKFL3BX.js?v=68644d38:853
trigger @ chunk-2MKFL3BX.js?v=68644d38:827
set value @ chunk-2MKFL3BX.js?v=68644d38:1734
finalizeNavigation @ vue-router.js?v=7970695f:2213
(anonymous) @ vue-router.js?v=7970695f:2151
Promise.then
pushWithRedirect @ vue-router.js?v=7970695f:2138
push @ vue-router.js?v=7970695f:2089
replace @ vue-router.js?v=7970695f:2092
syncQueryParams @ Search.vue:145
handleCenterChange @ Search.vue:244
callWithErrorHandling @ chunk-2MKFL3BX.js?v=68644d38:2342
callWithAsyncErrorHandling @ chunk-2MKFL3BX.js?v=68644d38:2349
emit @ chunk-2MKFL3BX.js?v=68644d38:6534
(anonymous) @ chunk-2MKFL3BX.js?v=68644d38:10390
(anonymous) @ MapExplorer.vue:89
fire @ leaflet.js?v=4b59e988:387
_onDrag @ leaflet.js?v=4b59e988:9052
fire @ leaflet.js?v=4b59e988:387
_updatePosition @ leaflet.js?v=4b59e988:4007
_onMove @ leaflet.js?v=4b59e988:4001
handler @ leaflet.js?v=4b59e988:1733
realApi.ts:238  GET http://localhost:5173/api/v1/listings?priceMin=50&priceMax=400&guests=1&areaMin=0&areaMax=100000&centerLat=44.811633178998036&centerLng=20.462970372554192&radiusKm=1&location=&page=1&perPage=10&mapMode=true 429 (Too Many Requests)
dispatchXhrRequest @ axios.js?v=c56e4d9d:1696
xhr @ axios.js?v=c56e4d9d:1573
dispatchRequest @ axios.js?v=c56e4d9d:2107
Promise.then
_request @ axios.js?v=c56e4d9d:2310
request @ axios.js?v=c56e4d9d:2219
Axios.<computed> @ axios.js?v=c56e4d9d:2346
wrap @ axios.js?v=c56e4d9d:8
searchListings @ realApi.ts:238
search @ listings.ts:175
wrappedAction @ pinia.js?v=fcb46523:5507
store.<computed> @ pinia.js?v=fcb46523:5204
runSearch @ Search.vue:208
watch.deep @ Search.vue:298
callWithErrorHandling @ chunk-2MKFL3BX.js?v=68644d38:2342
callWithAsyncErrorHandling @ chunk-2MKFL3BX.js?v=68644d38:2349
baseWatchOptions.call @ chunk-2MKFL3BX.js?v=68644d38:3027
job @ chunk-2MKFL3BX.js?v=68644d38:2072
flushPreFlushCbs @ chunk-2MKFL3BX.js?v=68644d38:2498
updateComponentPreRender @ chunk-2MKFL3BX.js?v=68644d38:8350
componentUpdateFn @ chunk-2MKFL3BX.js?v=68644d38:8269
run @ chunk-2MKFL3BX.js?v=68644d38:505
updateComponent @ chunk-2MKFL3BX.js?v=68644d38:8143
processComponent @ chunk-2MKFL3BX.js?v=68644d38:8077
patch @ chunk-2MKFL3BX.js?v=68644d38:7562
patchKeyedChildren @ chunk-2MKFL3BX.js?v=68644d38:8483
patchChildren @ chunk-2MKFL3BX.js?v=68644d38:8397
processFragment @ chunk-2MKFL3BX.js?v=68644d38:8040
patch @ chunk-2MKFL3BX.js?v=68644d38:7536
patchBlockChildren @ chunk-2MKFL3BX.js?v=68644d38:7936
patchElement @ chunk-2MKFL3BX.js?v=68644d38:7854
processElement @ chunk-2MKFL3BX.js?v=68644d38:7708
patch @ chunk-2MKFL3BX.js?v=68644d38:7550
componentUpdateFn @ chunk-2MKFL3BX.js?v=68644d38:8292
run @ chunk-2MKFL3BX.js?v=68644d38:505
updateComponent @ chunk-2MKFL3BX.js?v=68644d38:8143
processComponent @ chunk-2MKFL3BX.js?v=68644d38:8077
patch @ chunk-2MKFL3BX.js?v=68644d38:7562
componentUpdateFn @ chunk-2MKFL3BX.js?v=68644d38:8292
run @ chunk-2MKFL3BX.js?v=68644d38:505
runIfDirty @ chunk-2MKFL3BX.js?v=68644d38:543
callWithErrorHandling @ chunk-2MKFL3BX.js?v=68644d38:2342
flushJobs @ chunk-2MKFL3BX.js?v=68644d38:2550
Promise.then
queueFlush @ chunk-2MKFL3BX.js?v=68644d38:2464
queuePostFlushCb @ chunk-2MKFL3BX.js?v=68644d38:2478
queueEffectWithSuspense @ chunk-2MKFL3BX.js?v=68644d38:9614
baseWatchOptions.scheduler @ chunk-2MKFL3BX.js?v=68644d38:3031
effect2.scheduler @ chunk-2MKFL3BX.js?v=68644d38:2088
trigger @ chunk-2MKFL3BX.js?v=68644d38:533
endBatch @ chunk-2MKFL3BX.js?v=68644d38:591
notify @ chunk-2MKFL3BX.js?v=68644d38:853
trigger @ chunk-2MKFL3BX.js?v=68644d38:827
set value @ chunk-2MKFL3BX.js?v=68644d38:1734
finalizeNavigation @ vue-router.js?v=7970695f:2213
(anonymous) @ vue-router.js?v=7970695f:2151
Promise.then
pushWithRedirect @ vue-router.js?v=7970695f:2138
push @ vue-router.js?v=7970695f:2089
replace @ vue-router.js?v=7970695f:2092
syncQueryParams @ Search.vue:145
handleCenterChange @ Search.vue:244
callWithErrorHandling @ chunk-2MKFL3BX.js?v=68644d38:2342
callWithAsyncErrorHandling @ chunk-2MKFL3BX.js?v=68644d38:2349
emit @ chunk-2MKFL3BX.js?v=68644d38:6534
(anonymous) @ chunk-2MKFL3BX.js?v=68644d38:10390
(anonymous) @ MapExplorer.vue:89
fire @ leaflet.js?v=4b59e988:387
_onDrag @ leaflet.js?v=4b59e988:9052
fire @ leaflet.js?v=4b59e988:387
_updatePosition @ leaflet.js?v=4b59e988:4007
_onMove @ leaflet.js?v=4b59e988:4001
handler @ leaflet.js?v=4b59e988:1733
realApi.ts:238  GET http://localhost:5173/api/v1/listings?priceMin=50&priceMax=400&guests=1&areaMin=0&areaMax=100000&centerLat=44.81142836766992&centerLng=20.462753848399384&radiusKm=1&location=&page=1&perPage=10&mapMode=true 429 (Too Many Requests)
dispatchXhrRequest @ axios.js?v=c56e4d9d:1696
xhr @ axios.js?v=c56e4d9d:1573
dispatchRequest @ axios.js?v=c56e4d9d:2107
Promise.then
_request @ axios.js?v=c56e4d9d:2310
request @ axios.js?v=c56e4d9d:2219
Axios.<computed> @ axios.js?v=c56e4d9d:2346
wrap @ axios.js?v=c56e4d9d:8
searchListings @ realApi.ts:238
search @ listings.ts:175
wrappedAction @ pinia.js?v=fcb46523:5507
store.<computed> @ pinia.js?v=fcb46523:5204
runSearch @ Search.vue:208
watch.deep @ Search.vue:298
callWithErrorHandling @ chunk-2MKFL3BX.js?v=68644d38:2342
callWithAsyncErrorHandling @ chunk-2MKFL3BX.js?v=68644d38:2349
baseWatchOptions.call @ chunk-2MKFL3BX.js?v=68644d38:3027
job @ chunk-2MKFL3BX.js?v=68644d38:2072
flushPreFlushCbs @ chunk-2MKFL3BX.js?v=68644d38:2498
updateComponentPreRender @ chunk-2MKFL3BX.js?v=68644d38:8350
componentUpdateFn @ chunk-2MKFL3BX.js?v=68644d38:8269
run @ chunk-2MKFL3BX.js?v=68644d38:505
updateComponent @ chunk-2MKFL3BX.js?v=68644d38:8143
processComponent @ chunk-2MKFL3BX.js?v=68644d38:8077
patch @ chunk-2MKFL3BX.js?v=68644d38:7562
patchKeyedChildren @ chunk-2MKFL3BX.js?v=68644d38:8483
patchChildren @ chunk-2MKFL3BX.js?v=68644d38:8397
processFragment @ chunk-2MKFL3BX.js?v=68644d38:8040
patch @ chunk-2MKFL3BX.js?v=68644d38:7536
patchBlockChildren @ chunk-2MKFL3BX.js?v=68644d38:7936
patchElement @ chunk-2MKFL3BX.js?v=68644d38:7854
processElement @ chunk-2MKFL3BX.js?v=68644d38:7708
patch @ chunk-2MKFL3BX.js?v=68644d38:7550
componentUpdateFn @ chunk-2MKFL3BX.js?v=68644d38:8292
run @ chunk-2MKFL3BX.js?v=68644d38:505
updateComponent @ chunk-2MKFL3BX.js?v=68644d38:8143
processComponent @ chunk-2MKFL3BX.js?v=68644d38:8077
patch @ chunk-2MKFL3BX.js?v=68644d38:7562
componentUpdateFn @ chunk-2MKFL3BX.js?v=68644d38:8292
run @ chunk-2MKFL3BX.js?v=68644d38:505
runIfDirty @ chunk-2MKFL3BX.js?v=68644d38:543
callWithErrorHandling @ chunk-2MKFL3BX.js?v=68644d38:2342
flushJobs @ chunk-2MKFL3BX.js?v=68644d38:2550
Promise.then
queueFlush @ chunk-2MKFL3BX.js?v=68644d38:2464
queuePostFlushCb @ chunk-2MKFL3BX.js?v=68644d38:2478
queueEffectWithSuspense @ chunk-2MKFL3BX.js?v=68644d38:9614
baseWatchOptions.scheduler @ chunk-2MKFL3BX.js?v=68644d38:3031
effect2.scheduler @ chunk-2MKFL3BX.js?v=68644d38:2088
trigger @ chunk-2MKFL3BX.js?v=68644d38:533
endBatch @ chunk-2MKFL3BX.js?v=68644d38:591
notify @ chunk-2MKFL3BX.js?v=68644d38:853
trigger @ chunk-2MKFL3BX.js?v=68644d38:827
set value @ chunk-2MKFL3BX.js?v=68644d38:1734
finalizeNavigation @ vue-router.js?v=7970695f:2213
(anonymous) @ vue-router.js?v=7970695f:2151
Promise.then
pushWithRedirect @ vue-router.js?v=7970695f:2138
push @ vue-router.js?v=7970695f:2089
replace @ vue-router.js?v=7970695f:2092
syncQueryParams @ Search.vue:145
handleCenterChange @ Search.vue:244
callWithErrorHandling @ chunk-2MKFL3BX.js?v=68644d38:2342
callWithAsyncErrorHandling @ chunk-2MKFL3BX.js?v=68644d38:2349
emit @ chunk-2MKFL3BX.js?v=68644d38:6534
(anonymous) @ chunk-2MKFL3BX.js?v=68644d38:10390
(anonymous) @ MapExplorer.vue:89
fire @ leaflet.js?v=4b59e988:387
_onDrag @ leaflet.js?v=4b59e988:9052
fire @ leaflet.js?v=4b59e988:387
_updatePosition @ leaflet.js?v=4b59e988:4007
_onMove @ leaflet.js?v=4b59e988:4001
handler @ leaflet.js?v=4b59e988:1733
realApi.ts:238  GET http://localhost:5173/api/v1/listings?priceMin=50&priceMax=400&guests=1&areaMin=0&areaMax=100000&centerLat=44.81117235248695&centerLng=20.4626094989629&radiusKm=1&location=&page=1&perPage=10&mapMode=true 429 (Too Many Requests)
dispatchXhrRequest @ axios.js?v=c56e4d9d:1696
xhr @ axios.js?v=c56e4d9d:1573
dispatchRequest @ axios.js?v=c56e4d9d:2107
Promise.then
_request @ axios.js?v=c56e4d9d:2310
request @ axios.js?v=c56e4d9d:2219
Axios.<computed> @ axios.js?v=c56e4d9d:2346
wrap @ axios.js?v=c56e4d9d:8
searchListings @ realApi.ts:238
search @ listings.ts:175
wrappedAction @ pinia.js?v=fcb46523:5507
store.<computed> @ pinia.js?v=fcb46523:5204
runSearch @ Search.vue:208
watch.deep @ Search.vue:298
callWithErrorHandling @ chunk-2MKFL3BX.js?v=68644d38:2342
callWithAsyncErrorHandling @ chunk-2MKFL3BX.js?v=68644d38:2349
baseWatchOptions.call @ chunk-2MKFL3BX.js?v=68644d38:3027
job @ chunk-2MKFL3BX.js?v=68644d38:2072
flushPreFlushCbs @ chunk-2MKFL3BX.js?v=68644d38:2498
updateComponentPreRender @ chunk-2MKFL3BX.js?v=68644d38:8350
componentUpdateFn @ chunk-2MKFL3BX.js?v=68644d38:8269
run @ chunk-2MKFL3BX.js?v=68644d38:505
updateComponent @ chunk-2MKFL3BX.js?v=68644d38:8143
processComponent @ chunk-2MKFL3BX.js?v=68644d38:8077
patch @ chunk-2MKFL3BX.js?v=68644d38:7562
patchKeyedChildren @ chunk-2MKFL3BX.js?v=68644d38:8483
patchChildren @ chunk-2MKFL3BX.js?v=68644d38:8397
processFragment @ chunk-2MKFL3BX.js?v=68644d38:8040
patch @ chunk-2MKFL3BX.js?v=68644d38:7536
patchBlockChildren @ chunk-2MKFL3BX.js?v=68644d38:7936
patchElement @ chunk-2MKFL3BX.js?v=68644d38:7854
processElement @ chunk-2MKFL3BX.js?v=68644d38:7708
patch @ chunk-2MKFL3BX.js?v=68644d38:7550
componentUpdateFn @ chunk-2MKFL3BX.js?v=68644d38:8292
run @ chunk-2MKFL3BX.js?v=68644d38:505
updateComponent @ chunk-2MKFL3BX.js?v=68644d38:8143
processComponent @ chunk-2MKFL3BX.js?v=68644d38:8077
patch @ chunk-2MKFL3BX.js?v=68644d38:7562
componentUpdateFn @ chunk-2MKFL3BX.js?v=68644d38:8292
run @ chunk-2MKFL3BX.js?v=68644d38:505
runIfDirty @ chunk-2MKFL3BX.js?v=68644d38:543
callWithErrorHandling @ chunk-2MKFL3BX.js?v=68644d38:2342
flushJobs @ chunk-2MKFL3BX.js?v=68644d38:2550
Promise.then
queueFlush @ chunk-2MKFL3BX.js?v=68644d38:2464
queuePostFlushCb @ chunk-2MKFL3BX.js?v=68644d38:2478
queueEffectWithSuspense @ chunk-2MKFL3BX.js?v=68644d38:9614
baseWatchOptions.scheduler @ chunk-2MKFL3BX.js?v=68644d38:3031
effect2.scheduler @ chunk-2MKFL3BX.js?v=68644d38:2088
trigger @ chunk-2MKFL3BX.js?v=68644d38:533
endBatch @ chunk-2MKFL3BX.js?v=68644d38:591
notify @ chunk-2MKFL3BX.js?v=68644d38:853
trigger @ chunk-2MKFL3BX.js?v=68644d38:827
set value @ chunk-2MKFL3BX.js?v=68644d38:1734
finalizeNavigation @ vue-router.js?v=7970695f:2213
(anonymous) @ vue-router.js?v=7970695f:2151
Promise.then
pushWithRedirect @ vue-router.js?v=7970695f:2138
push @ vue-router.js?v=7970695f:2089
replace @ vue-router.js?v=7970695f:2092
syncQueryParams @ Search.vue:145
handleCenterChange @ Search.vue:244
callWithErrorHandling @ chunk-2MKFL3BX.js?v=68644d38:2342
callWithAsyncErrorHandling @ chunk-2MKFL3BX.js?v=68644d38:2349
emit @ chunk-2MKFL3BX.js?v=68644d38:6534
(anonymous) @ chunk-2MKFL3BX.js?v=68644d38:10390
(anonymous) @ MapExplorer.vue:89
fire @ leaflet.js?v=4b59e988:387
_onDrag @ leaflet.js?v=4b59e988:9052
fire @ leaflet.js?v=4b59e988:387
_updatePosition @ leaflet.js?v=4b59e988:4007
_onMove @ leaflet.js?v=4b59e988:4001
handler @ leaflet.js?v=4b59e988:1733
realApi.ts:238  GET http://localhost:5173/api/v1/listings?priceMin=50&priceMax=400&guests=1&areaMin=0&areaMax=100000&centerLat=44.81086513276729&centerLng=20.462320800089852&radiusKm=1&location=&page=1&perPage=10&mapMode=true 429 (Too Many Requests)
dispatchXhrRequest @ axios.js?v=c56e4d9d:1696
xhr @ axios.js?v=c56e4d9d:1573
dispatchRequest @ axios.js?v=c56e4d9d:2107
Promise.then
_request @ axios.js?v=c56e4d9d:2310
request @ axios.js?v=c56e4d9d:2219
Axios.<computed> @ axios.js?v=c56e4d9d:2346
wrap @ axios.js?v=c56e4d9d:8
searchListings @ realApi.ts:238
search @ listings.ts:175
wrappedAction @ pinia.js?v=fcb46523:5507
store.<computed> @ pinia.js?v=fcb46523:5204
runSearch @ Search.vue:208
watch.deep @ Search.vue:298
callWithErrorHandling @ chunk-2MKFL3BX.js?v=68644d38:2342
callWithAsyncErrorHandling @ chunk-2MKFL3BX.js?v=68644d38:2349
baseWatchOptions.call @ chunk-2MKFL3BX.js?v=68644d38:3027
job @ chunk-2MKFL3BX.js?v=68644d38:2072
flushPreFlushCbs @ chunk-2MKFL3BX.js?v=68644d38:2498
updateComponentPreRender @ chunk-2MKFL3BX.js?v=68644d38:8350
componentUpdateFn @ chunk-2MKFL3BX.js?v=68644d38:8269
run @ chunk-2MKFL3BX.js?v=68644d38:505
updateComponent @ chunk-2MKFL3BX.js?v=68644d38:8143
processComponent @ chunk-2MKFL3BX.js?v=68644d38:8077
patch @ chunk-2MKFL3BX.js?v=68644d38:7562
patchKeyedChildren @ chunk-2MKFL3BX.js?v=68644d38:8483
patchChildren @ chunk-2MKFL3BX.js?v=68644d38:8397
processFragment @ chunk-2MKFL3BX.js?v=68644d38:8040
patch @ chunk-2MKFL3BX.js?v=68644d38:7536
patchBlockChildren @ chunk-2MKFL3BX.js?v=68644d38:7936
patchElement @ chunk-2MKFL3BX.js?v=68644d38:7854
processElement @ chunk-2MKFL3BX.js?v=68644d38:7708
patch @ chunk-2MKFL3BX.js?v=68644d38:7550
componentUpdateFn @ chunk-2MKFL3BX.js?v=68644d38:8292
run @ chunk-2MKFL3BX.js?v=68644d38:505
updateComponent @ chunk-2MKFL3BX.js?v=68644d38:8143
processComponent @ chunk-2MKFL3BX.js?v=68644d38:8077
patch @ chunk-2MKFL3BX.js?v=68644d38:7562
componentUpdateFn @ chunk-2MKFL3BX.js?v=68644d38:8292
run @ chunk-2MKFL3BX.js?v=68644d38:505
runIfDirty @ chunk-2MKFL3BX.js?v=68644d38:543
callWithErrorHandling @ chunk-2MKFL3BX.js?v=68644d38:2342
flushJobs @ chunk-2MKFL3BX.js?v=68644d38:2550
Promise.then
queueFlush @ chunk-2MKFL3BX.js?v=68644d38:2464
queuePostFlushCb @ chunk-2MKFL3BX.js?v=68644d38:2478
queueEffectWithSuspense @ chunk-2MKFL3BX.js?v=68644d38:9614
baseWatchOptions.scheduler @ chunk-2MKFL3BX.js?v=68644d38:3031
effect2.scheduler @ chunk-2MKFL3BX.js?v=68644d38:2088
trigger @ chunk-2MKFL3BX.js?v=68644d38:533
endBatch @ chunk-2MKFL3BX.js?v=68644d38:591
notify @ chunk-2MKFL3BX.js?v=68644d38:853
trigger @ chunk-2MKFL3BX.js?v=68644d38:827
set value @ chunk-2MKFL3BX.js?v=68644d38:1734
finalizeNavigation @ vue-router.js?v=7970695f:2213
(anonymous) @ vue-router.js?v=7970695f:2151
Promise.then
pushWithRedirect @ vue-router.js?v=7970695f:2138
push @ vue-router.js?v=7970695f:2089
replace @ vue-router.js?v=7970695f:2092
syncQueryParams @ Search.vue:145
handleCenterChange @ Search.vue:244
callWithErrorHandling @ chunk-2MKFL3BX.js?v=68644d38:2342
callWithAsyncErrorHandling @ chunk-2MKFL3BX.js?v=68644d38:2349
emit @ chunk-2MKFL3BX.js?v=68644d38:6534
(anonymous) @ chunk-2MKFL3BX.js?v=68644d38:10390
(anonymous) @ MapExplorer.vue:89
fire @ leaflet.js?v=4b59e988:387
_onDrag @ leaflet.js?v=4b59e988:9052
fire @ leaflet.js?v=4b59e988:387
_updatePosition @ leaflet.js?v=4b59e988:4007
_onMove @ leaflet.js?v=4b59e988:4001
handler @ leaflet.js?v=4b59e988:1733
realApi.ts:238  GET http://localhost:5173/api/v1/listings?priceMin=50&priceMax=400&guests=1&areaMin=0&areaMax=100000&centerLat=44.81040430011939&centerLng=20.46181557706204&radiusKm=1&location=&page=1&perPage=10&mapMode=true 429 (Too Many Requests)
dispatchXhrRequest @ axios.js?v=c56e4d9d:1696
xhr @ axios.js?v=c56e4d9d:1573
dispatchRequest @ axios.js?v=c56e4d9d:2107
Promise.then
_request @ axios.js?v=c56e4d9d:2310
request @ axios.js?v=c56e4d9d:2219
Axios.<computed> @ axios.js?v=c56e4d9d:2346
wrap @ axios.js?v=c56e4d9d:8
searchListings @ realApi.ts:238
search @ listings.ts:175
wrappedAction @ pinia.js?v=fcb46523:5507
store.<computed> @ pinia.js?v=fcb46523:5204
runSearch @ Search.vue:208
watch.deep @ Search.vue:298
callWithErrorHandling @ chunk-2MKFL3BX.js?v=68644d38:2342
callWithAsyncErrorHandling @ chunk-2MKFL3BX.js?v=68644d38:2349
baseWatchOptions.call @ chunk-2MKFL3BX.js?v=68644d38:3027
job @ chunk-2MKFL3BX.js?v=68644d38:2072
flushPreFlushCbs @ chunk-2MKFL3BX.js?v=68644d38:2498
updateComponentPreRender @ chunk-2MKFL3BX.js?v=68644d38:8350
componentUpdateFn @ chunk-2MKFL3BX.js?v=68644d38:8269
run @ chunk-2MKFL3BX.js?v=68644d38:505
updateComponent @ chunk-2MKFL3BX.js?v=68644d38:8143
processComponent @ chunk-2MKFL3BX.js?v=68644d38:8077
patch @ chunk-2MKFL3BX.js?v=68644d38:7562
patchKeyedChildren @ chunk-2MKFL3BX.js?v=68644d38:8483
patchChildren @ chunk-2MKFL3BX.js?v=68644d38:8397
processFragment @ chunk-2MKFL3BX.js?v=68644d38:8040
patch @ chunk-2MKFL3BX.js?v=68644d38:7536
patchBlockChildren @ chunk-2MKFL3BX.js?v=68644d38:7936
patchElement @ chunk-2MKFL3BX.js?v=68644d38:7854
processElement @ chunk-2MKFL3BX.js?v=68644d38:7708
patch @ chunk-2MKFL3BX.js?v=68644d38:7550
componentUpdateFn @ chunk-2MKFL3BX.js?v=68644d38:8292
run @ chunk-2MKFL3BX.js?v=68644d38:505
updateComponent @ chunk-2MKFL3BX.js?v=68644d38:8143
processComponent @ chunk-2MKFL3BX.js?v=68644d38:8077
patch @ chunk-2MKFL3BX.js?v=68644d38:7562
componentUpdateFn @ chunk-2MKFL3BX.js?v=68644d38:8292
run @ chunk-2MKFL3BX.js?v=68644d38:505
runIfDirty @ chunk-2MKFL3BX.js?v=68644d38:543
callWithErrorHandling @ chunk-2MKFL3BX.js?v=68644d38:2342
flushJobs @ chunk-2MKFL3BX.js?v=68644d38:2550
Promise.then
queueFlush @ chunk-2MKFL3BX.js?v=68644d38:2464
queuePostFlushCb @ chunk-2MKFL3BX.js?v=68644d38:2478
queueEffectWithSuspense @ chunk-2MKFL3BX.js?v=68644d38:9614
baseWatchOptions.scheduler @ chunk-2MKFL3BX.js?v=68644d38:3031
effect2.scheduler @ chunk-2MKFL3BX.js?v=68644d38:2088
trigger @ chunk-2MKFL3BX.js?v=68644d38:533
endBatch @ chunk-2MKFL3BX.js?v=68644d38:591
notify @ chunk-2MKFL3BX.js?v=68644d38:853
trigger @ chunk-2MKFL3BX.js?v=68644d38:827
set value @ chunk-2MKFL3BX.js?v=68644d38:1734
finalizeNavigation @ vue-router.js?v=7970695f:2213
(anonymous) @ vue-router.js?v=7970695f:2151
Promise.then
pushWithRedirect @ vue-router.js?v=7970695f:2138
push @ vue-router.js?v=7970695f:2089
replace @ vue-router.js?v=7970695f:2092
syncQueryParams @ Search.vue:145
handleCenterChange @ Search.vue:244
callWithErrorHandling @ chunk-2MKFL3BX.js?v=68644d38:2342
callWithAsyncErrorHandling @ chunk-2MKFL3BX.js?v=68644d38:2349
emit @ chunk-2MKFL3BX.js?v=68644d38:6534
(anonymous) @ chunk-2MKFL3BX.js?v=68644d38:10390
(anonymous) @ MapExplorer.vue:89
fire @ leaflet.js?v=4b59e988:387
_onDrag @ leaflet.js?v=4b59e988:9052
fire @ leaflet.js?v=4b59e988:387
_updatePosition @ leaflet.js?v=4b59e988:4007
_onMove @ leaflet.js?v=4b59e988:4001
handler @ leaflet.js?v=4b59e988:1733
realApi.ts:238  GET http://localhost:5173/api/v1/listings?priceMin=50&priceMax=400&guests=1&areaMin=0&areaMax=100000&centerLat=44.81004587218095&centerLng=20.461454703470753&radiusKm=1&location=&page=1&perPage=10&mapMode=true 429 (Too Many Requests)
dispatchXhrRequest @ axios.js?v=c56e4d9d:1696
xhr @ axios.js?v=c56e4d9d:1573
dispatchRequest @ axios.js?v=c56e4d9d:2107
Promise.then
_request @ axios.js?v=c56e4d9d:2310
request @ axios.js?v=c56e4d9d:2219
Axios.<computed> @ axios.js?v=c56e4d9d:2346
wrap @ axios.js?v=c56e4d9d:8
searchListings @ realApi.ts:238
search @ listings.ts:175
wrappedAction @ pinia.js?v=fcb46523:5507
store.<computed> @ pinia.js?v=fcb46523:5204
runSearch @ Search.vue:208
watch.deep @ Search.vue:298
callWithErrorHandling @ chunk-2MKFL3BX.js?v=68644d38:2342
callWithAsyncErrorHandling @ chunk-2MKFL3BX.js?v=68644d38:2349
baseWatchOptions.call @ chunk-2MKFL3BX.js?v=68644d38:3027
job @ chunk-2MKFL3BX.js?v=68644d38:2072
flushPreFlushCbs @ chunk-2MKFL3BX.js?v=68644d38:2498
updateComponentPreRender @ chunk-2MKFL3BX.js?v=68644d38:8350
componentUpdateFn @ chunk-2MKFL3BX.js?v=68644d38:8269
run @ chunk-2MKFL3BX.js?v=68644d38:505
updateComponent @ chunk-2MKFL3BX.js?v=68644d38:8143
processComponent @ chunk-2MKFL3BX.js?v=68644d38:8077
patch @ chunk-2MKFL3BX.js?v=68644d38:7562
patchKeyedChildren @ chunk-2MKFL3BX.js?v=68644d38:8483
patchChildren @ chunk-2MKFL3BX.js?v=68644d38:8397
processFragment @ chunk-2MKFL3BX.js?v=68644d38:8040
patch @ chunk-2MKFL3BX.js?v=68644d38:7536
patchBlockChildren @ chunk-2MKFL3BX.js?v=68644d38:7936
patchElement @ chunk-2MKFL3BX.js?v=68644d38:7854
processElement @ chunk-2MKFL3BX.js?v=68644d38:7708
patch @ chunk-2MKFL3BX.js?v=68644d38:7550
componentUpdateFn @ chunk-2MKFL3BX.js?v=68644d38:8292
run @ chunk-2MKFL3BX.js?v=68644d38:505
updateComponent @ chunk-2MKFL3BX.js?v=68644d38:8143
processComponent @ chunk-2MKFL3BX.js?v=68644d38:8077
patch @ chunk-2MKFL3BX.js?v=68644d38:7562
componentUpdateFn @ chunk-2MKFL3BX.js?v=68644d38:8292
run @ chunk-2MKFL3BX.js?v=68644d38:505
runIfDirty @ chunk-2MKFL3BX.js?v=68644d38:543
callWithErrorHandling @ chunk-2MKFL3BX.js?v=68644d38:2342
flushJobs @ chunk-2MKFL3BX.js?v=68644d38:2550
Promise.then
queueFlush @ chunk-2MKFL3BX.js?v=68644d38:2464
queuePostFlushCb @ chunk-2MKFL3BX.js?v=68644d38:2478
queueEffectWithSuspense @ chunk-2MKFL3BX.js?v=68644d38:9614
baseWatchOptions.scheduler @ chunk-2MKFL3BX.js?v=68644d38:3031
effect2.scheduler @ chunk-2MKFL3BX.js?v=68644d38:2088
trigger @ chunk-2MKFL3BX.js?v=68644d38:533
endBatch @ chunk-2MKFL3BX.js?v=68644d38:591
notify @ chunk-2MKFL3BX.js?v=68644d38:853
trigger @ chunk-2MKFL3BX.js?v=68644d38:827
set value @ chunk-2MKFL3BX.js?v=68644d38:1734
finalizeNavigation @ vue-router.js?v=7970695f:2213
(anonymous) @ vue-router.js?v=7970695f:2151
Promise.then
pushWithRedirect @ vue-router.js?v=7970695f:2138
push @ vue-router.js?v=7970695f:2089
replace @ vue-router.js?v=7970695f:2092
syncQueryParams @ Search.vue:145
handleCenterChange @ Search.vue:244
callWithErrorHandling @ chunk-2MKFL3BX.js?v=68644d38:2342
callWithAsyncErrorHandling @ chunk-2MKFL3BX.js?v=68644d38:2349
emit @ chunk-2MKFL3BX.js?v=68644d38:6534
(anonymous) @ chunk-2MKFL3BX.js?v=68644d38:10390
(anonymous) @ MapExplorer.vue:89
fire @ leaflet.js?v=4b59e988:387
_onDrag @ leaflet.js?v=4b59e988:9052
fire @ leaflet.js?v=4b59e988:387
_updatePosition @ leaflet.js?v=4b59e988:4007
_onMove @ leaflet.js?v=4b59e988:4001
handler @ leaflet.js?v=4b59e988:1733
realApi.ts:238  GET http://localhost:5173/api/v1/listings?priceMin=50&priceMax=400&guests=1&areaMin=0&areaMax=100000&centerLat=44.809277804812346&centerLng=20.460805131006413&radiusKm=1&location=&page=1&perPage=10&mapMode=true 429 (Too Many Requests)
dispatchXhrRequest @ axios.js?v=c56e4d9d:1696
xhr @ axios.js?v=c56e4d9d:1573
dispatchRequest @ axios.js?v=c56e4d9d:2107
Promise.then
_request @ axios.js?v=c56e4d9d:2310
request @ axios.js?v=c56e4d9d:2219
Axios.<computed> @ axios.js?v=c56e4d9d:2346
wrap @ axios.js?v=c56e4d9d:8
searchListings @ realApi.ts:238
search @ listings.ts:175
wrappedAction @ pinia.js?v=fcb46523:5507
store.<computed> @ pinia.js?v=fcb46523:5204
runSearch @ Search.vue:208
watch.deep @ Search.vue:298
callWithErrorHandling @ chunk-2MKFL3BX.js?v=68644d38:2342
callWithAsyncErrorHandling @ chunk-2MKFL3BX.js?v=68644d38:2349
baseWatchOptions.call @ chunk-2MKFL3BX.js?v=68644d38:3027
job @ chunk-2MKFL3BX.js?v=68644d38:2072
flushPreFlushCbs @ chunk-2MKFL3BX.js?v=68644d38:2498
updateComponentPreRender @ chunk-2MKFL3BX.js?v=68644d38:8350
componentUpdateFn @ chunk-2MKFL3BX.js?v=68644d38:8269
run @ chunk-2MKFL3BX.js?v=68644d38:505
updateComponent @ chunk-2MKFL3BX.js?v=68644d38:8143
processComponent @ chunk-2MKFL3BX.js?v=68644d38:8077
patch @ chunk-2MKFL3BX.js?v=68644d38:7562
patchKeyedChildren @ chunk-2MKFL3BX.js?v=68644d38:8483
patchChildren @ chunk-2MKFL3BX.js?v=68644d38:8397
processFragment @ chunk-2MKFL3BX.js?v=68644d38:8040
patch @ chunk-2MKFL3BX.js?v=68644d38:7536
patchBlockChildren @ chunk-2MKFL3BX.js?v=68644d38:7936
patchElement @ chunk-2MKFL3BX.js?v=68644d38:7854
processElement @ chunk-2MKFL3BX.js?v=68644d38:7708
patch @ chunk-2MKFL3BX.js?v=68644d38:7550
componentUpdateFn @ chunk-2MKFL3BX.js?v=68644d38:8292
run @ chunk-2MKFL3BX.js?v=68644d38:505
updateComponent @ chunk-2MKFL3BX.js?v=68644d38:8143
processComponent @ chunk-2MKFL3BX.js?v=68644d38:8077
patch @ chunk-2MKFL3BX.js?v=68644d38:7562
componentUpdateFn @ chunk-2MKFL3BX.js?v=68644d38:8292
run @ chunk-2MKFL3BX.js?v=68644d38:505
runIfDirty @ chunk-2MKFL3BX.js?v=68644d38:543
callWithErrorHandling @ chunk-2MKFL3BX.js?v=68644d38:2342
flushJobs @ chunk-2MKFL3BX.js?v=68644d38:2550
Promise.then
queueFlush @ chunk-2MKFL3BX.js?v=68644d38:2464
queuePostFlushCb @ chunk-2MKFL3BX.js?v=68644d38:2478
queueEffectWithSuspense @ chunk-2MKFL3BX.js?v=68644d38:9614
baseWatchOptions.scheduler @ chunk-2MKFL3BX.js?v=68644d38:3031
effect2.scheduler @ chunk-2MKFL3BX.js?v=68644d38:2088
trigger @ chunk-2MKFL3BX.js?v=68644d38:533
endBatch @ chunk-2MKFL3BX.js?v=68644d38:591
notify @ chunk-2MKFL3BX.js?v=68644d38:853
trigger @ chunk-2MKFL3BX.js?v=68644d38:827
set value @ chunk-2MKFL3BX.js?v=68644d38:1734
finalizeNavigation @ vue-router.js?v=7970695f:2213
(anonymous) @ vue-router.js?v=7970695f:2151
Promise.then
pushWithRedirect @ vue-router.js?v=7970695f:2138
push @ vue-router.js?v=7970695f:2089
replace @ vue-router.js?v=7970695f:2092
syncQueryParams @ Search.vue:145
handleCenterChange @ Search.vue:244
callWithErrorHandling @ chunk-2MKFL3BX.js?v=68644d38:2342
callWithAsyncErrorHandling @ chunk-2MKFL3BX.js?v=68644d38:2349
emit @ chunk-2MKFL3BX.js?v=68644d38:6534
(anonymous) @ chunk-2MKFL3BX.js?v=68644d38:10390
(anonymous) @ MapExplorer.vue:89
fire @ leaflet.js?v=4b59e988:387
_onDrag @ leaflet.js?v=4b59e988:9052
fire @ leaflet.js?v=4b59e988:387
_updatePosition @ leaflet.js?v=4b59e988:4007
_onMove @ leaflet.js?v=4b59e988:4001
handler @ leaflet.js?v=4b59e988:1733
realApi.ts:238  GET http://localhost:5173/api/v1/listings?priceMin=50&priceMax=400&guests=1&areaMin=0&areaMax=100000&centerLat=44.80861213815288&centerLng=20.46037208269688&radiusKm=1&location=&page=1&perPage=10&mapMode=true 429 (Too Many Requests)
dispatchXhrRequest @ axios.js?v=c56e4d9d:1696
xhr @ axios.js?v=c56e4d9d:1573
dispatchRequest @ axios.js?v=c56e4d9d:2107
Promise.then
_request @ axios.js?v=c56e4d9d:2310
request @ axios.js?v=c56e4d9d:2219
Axios.<computed> @ axios.js?v=c56e4d9d:2346
wrap @ axios.js?v=c56e4d9d:8
searchListings @ realApi.ts:238
search @ listings.ts:175
wrappedAction @ pinia.js?v=fcb46523:5507
store.<computed> @ pinia.js?v=fcb46523:5204
runSearch @ Search.vue:208
watch.deep @ Search.vue:298
callWithErrorHandling @ chunk-2MKFL3BX.js?v=68644d38:2342
callWithAsyncErrorHandling @ chunk-2MKFL3BX.js?v=68644d38:2349
baseWatchOptions.call @ chunk-2MKFL3BX.js?v=68644d38:3027
job @ chunk-2MKFL3BX.js?v=68644d38:2072
flushPreFlushCbs @ chunk-2MKFL3BX.js?v=68644d38:2498
updateComponentPreRender @ chunk-2MKFL3BX.js?v=68644d38:8350
componentUpdateFn @ chunk-2MKFL3BX.js?v=68644d38:8269
run @ chunk-2MKFL3BX.js?v=68644d38:505
updateComponent @ chunk-2MKFL3BX.js?v=68644d38:8143
processComponent @ chunk-2MKFL3BX.js?v=68644d38:8077
patch @ chunk-2MKFL3BX.js?v=68644d38:7562
patchKeyedChildren @ chunk-2MKFL3BX.js?v=68644d38:8483
patchChildren @ chunk-2MKFL3BX.js?v=68644d38:8397
processFragment @ chunk-2MKFL3BX.js?v=68644d38:8040
patch @ chunk-2MKFL3BX.js?v=68644d38:7536
patchBlockChildren @ chunk-2MKFL3BX.js?v=68644d38:7936
patchElement @ chunk-2MKFL3BX.js?v=68644d38:7854
processElement @ chunk-2MKFL3BX.js?v=68644d38:7708
patch @ chunk-2MKFL3BX.js?v=68644d38:7550
componentUpdateFn @ chunk-2MKFL3BX.js?v=68644d38:8292
run @ chunk-2MKFL3BX.js?v=68644d38:505
updateComponent @ chunk-2MKFL3BX.js?v=68644d38:8143
processComponent @ chunk-2MKFL3BX.js?v=68644d38:8077
patch @ chunk-2MKFL3BX.js?v=68644d38:7562
componentUpdateFn @ chunk-2MKFL3BX.js?v=68644d38:8292
run @ chunk-2MKFL3BX.js?v=68644d38:505
runIfDirty @ chunk-2MKFL3BX.js?v=68644d38:543
callWithErrorHandling @ chunk-2MKFL3BX.js?v=68644d38:2342
flushJobs @ chunk-2MKFL3BX.js?v=68644d38:2550
Promise.then
queueFlush @ chunk-2MKFL3BX.js?v=68644d38:2464
queuePostFlushCb @ chunk-2MKFL3BX.js?v=68644d38:2478
queueEffectWithSuspense @ chunk-2MKFL3BX.js?v=68644d38:9614
baseWatchOptions.scheduler @ chunk-2MKFL3BX.js?v=68644d38:3031
effect2.scheduler @ chunk-2MKFL3BX.js?v=68644d38:2088
trigger @ chunk-2MKFL3BX.js?v=68644d38:533
endBatch @ chunk-2MKFL3BX.js?v=68644d38:591
notify @ chunk-2MKFL3BX.js?v=68644d38:853
trigger @ chunk-2MKFL3BX.js?v=68644d38:827
set value @ chunk-2MKFL3BX.js?v=68644d38:1734
finalizeNavigation @ vue-router.js?v=7970695f:2213
(anonymous) @ vue-router.js?v=7970695f:2151
Promise.then
pushWithRedirect @ vue-router.js?v=7970695f:2138
push @ vue-router.js?v=7970695f:2089
replace @ vue-router.js?v=7970695f:2092
syncQueryParams @ Search.vue:145
handleCenterChange @ Search.vue:244
callWithErrorHandling @ chunk-2MKFL3BX.js?v=68644d38:2342
callWithAsyncErrorHandling @ chunk-2MKFL3BX.js?v=68644d38:2349
emit @ chunk-2MKFL3BX.js?v=68644d38:6534
(anonymous) @ chunk-2MKFL3BX.js?v=68644d38:10390
(anonymous) @ MapExplorer.vue:89
fire @ leaflet.js?v=4b59e988:387
_onDrag @ leaflet.js?v=4b59e988:9052
fire @ leaflet.js?v=4b59e988:387
_updatePosition @ leaflet.js?v=4b59e988:4007
_onMove @ leaflet.js?v=4b59e988:4001
handler @ leaflet.js?v=4b59e988:1733
realApi.ts:238  GET http://localhost:5173/api/v1/listings?priceMin=50&priceMax=400&guests=1&areaMin=0&areaMax=100000&centerLat=44.808407316096705&centerLng=20.460299907978598&radiusKm=1&location=&page=1&perPage=10&mapMode=true 429 (Too Many Requests)
dispatchXhrRequest @ axios.js?v=c56e4d9d:1696
xhr @ axios.js?v=c56e4d9d:1573
dispatchRequest @ axios.js?v=c56e4d9d:2107
Promise.then
_request @ axios.js?v=c56e4d9d:2310
request @ axios.js?v=c56e4d9d:2219
Axios.<computed> @ axios.js?v=c56e4d9d:2346
wrap @ axios.js?v=c56e4d9d:8
searchListings @ realApi.ts:238
search @ listings.ts:175
wrappedAction @ pinia.js?v=fcb46523:5507
store.<computed> @ pinia.js?v=fcb46523:5204
runSearch @ Search.vue:208
watch.deep @ Search.vue:298
callWithErrorHandling @ chunk-2MKFL3BX.js?v=68644d38:2342
callWithAsyncErrorHandling @ chunk-2MKFL3BX.js?v=68644d38:2349
baseWatchOptions.call @ chunk-2MKFL3BX.js?v=68644d38:3027
job @ chunk-2MKFL3BX.js?v=68644d38:2072
flushPreFlushCbs @ chunk-2MKFL3BX.js?v=68644d38:2498
updateComponentPreRender @ chunk-2MKFL3BX.js?v=68644d38:8350
componentUpdateFn @ chunk-2MKFL3BX.js?v=68644d38:8269
run @ chunk-2MKFL3BX.js?v=68644d38:505
updateComponent @ chunk-2MKFL3BX.js?v=68644d38:8143
processComponent @ chunk-2MKFL3BX.js?v=68644d38:8077
patch @ chunk-2MKFL3BX.js?v=68644d38:7562
patchKeyedChildren @ chunk-2MKFL3BX.js?v=68644d38:8483
patchChildren @ chunk-2MKFL3BX.js?v=68644d38:8397
processFragment @ chunk-2MKFL3BX.js?v=68644d38:8040
patch @ chunk-2MKFL3BX.js?v=68644d38:7536
patchBlockChildren @ chunk-2MKFL3BX.js?v=68644d38:7936
patchElement @ chunk-2MKFL3BX.js?v=68644d38:7854
processElement @ chunk-2MKFL3BX.js?v=68644d38:7708
patch @ chunk-2MKFL3BX.js?v=68644d38:7550
componentUpdateFn @ chunk-2MKFL3BX.js?v=68644d38:8292
run @ chunk-2MKFL3BX.js?v=68644d38:505
updateComponent @ chunk-2MKFL3BX.js?v=68644d38:8143
processComponent @ chunk-2MKFL3BX.js?v=68644d38:8077
patch @ chunk-2MKFL3BX.js?v=68644d38:7562
componentUpdateFn @ chunk-2MKFL3BX.js?v=68644d38:8292
run @ chunk-2MKFL3BX.js?v=68644d38:505
runIfDirty @ chunk-2MKFL3BX.js?v=68644d38:543
callWithErrorHandling @ chunk-2MKFL3BX.js?v=68644d38:2342
flushJobs @ chunk-2MKFL3BX.js?v=68644d38:2550
Promise.then
queueFlush @ chunk-2MKFL3BX.js?v=68644d38:2464
queuePostFlushCb @ chunk-2MKFL3BX.js?v=68644d38:2478
queueEffectWithSuspense @ chunk-2MKFL3BX.js?v=68644d38:9614
baseWatchOptions.scheduler @ chunk-2MKFL3BX.js?v=68644d38:3031
effect2.scheduler @ chunk-2MKFL3BX.js?v=68644d38:2088
trigger @ chunk-2MKFL3BX.js?v=68644d38:533
endBatch @ chunk-2MKFL3BX.js?v=68644d38:591
notify @ chunk-2MKFL3BX.js?v=68644d38:853
trigger @ chunk-2MKFL3BX.js?v=68644d38:827
set value @ chunk-2MKFL3BX.js?v=68644d38:1734
finalizeNavigation @ vue-router.js?v=7970695f:2213
(anonymous) @ vue-router.js?v=7970695f:2151
Promise.then
pushWithRedirect @ vue-router.js?v=7970695f:2138
push @ vue-router.js?v=7970695f:2089
replace @ vue-router.js?v=7970695f:2092
syncQueryParams @ Search.vue:145
handleCenterChange @ Search.vue:244
callWithErrorHandling @ chunk-2MKFL3BX.js?v=68644d38:2342
callWithAsyncErrorHandling @ chunk-2MKFL3BX.js?v=68644d38:2349
emit @ chunk-2MKFL3BX.js?v=68644d38:6534
(anonymous) @ chunk-2MKFL3BX.js?v=68644d38:10390
(anonymous) @ MapExplorer.vue:89
fire @ leaflet.js?v=4b59e988:387
_onDrag @ leaflet.js?v=4b59e988:9052
fire @ leaflet.js?v=4b59e988:387
_updatePosition @ leaflet.js?v=4b59e988:4007
_onMove @ leaflet.js?v=4b59e988:4001
handler @ leaflet.js?v=4b59e988:1733
realApi.ts:238  GET http://localhost:5173/api/v1/listings?priceMin=50&priceMax=400&guests=1&areaMin=0&areaMax=100000&centerLat=44.808202493313246&centerLng=20.46022773326036&radiusKm=1&location=&page=1&perPage=10&mapMode=true 429 (Too Many Requests)
dispatchXhrRequest @ axios.js?v=c56e4d9d:1696
xhr @ axios.js?v=c56e4d9d:1573
dispatchRequest @ axios.js?v=c56e4d9d:2107
Promise.then
_request @ axios.js?v=c56e4d9d:2310
request @ axios.js?v=c56e4d9d:2219
Axios.<computed> @ axios.js?v=c56e4d9d:2346
wrap @ axios.js?v=c56e4d9d:8
searchListings @ realApi.ts:238
search @ listings.ts:175
wrappedAction @ pinia.js?v=fcb46523:5507
store.<computed> @ pinia.js?v=fcb46523:5204
runSearch @ Search.vue:208
watch.deep @ Search.vue:298
callWithErrorHandling @ chunk-2MKFL3BX.js?v=68644d38:2342
callWithAsyncErrorHandling @ chunk-2MKFL3BX.js?v=68644d38:2349
baseWatchOptions.call @ chunk-2MKFL3BX.js?v=68644d38:3027
job @ chunk-2MKFL3BX.js?v=68644d38:2072
flushPreFlushCbs @ chunk-2MKFL3BX.js?v=68644d38:2498
updateComponentPreRender @ chunk-2MKFL3BX.js?v=68644d38:8350
componentUpdateFn @ chunk-2MKFL3BX.js?v=68644d38:8269
run @ chunk-2MKFL3BX.js?v=68644d38:505
updateComponent @ chunk-2MKFL3BX.js?v=68644d38:8143
processComponent @ chunk-2MKFL3BX.js?v=68644d38:8077
patch @ chunk-2MKFL3BX.js?v=68644d38:7562
patchKeyedChildren @ chunk-2MKFL3BX.js?v=68644d38:8483
patchChildren @ chunk-2MKFL3BX.js?v=68644d38:8397
processFragment @ chunk-2MKFL3BX.js?v=68644d38:8040
patch @ chunk-2MKFL3BX.js?v=68644d38:7536
patchBlockChildren @ chunk-2MKFL3BX.js?v=68644d38:7936
patchElement @ chunk-2MKFL3BX.js?v=68644d38:7854
processElement @ chunk-2MKFL3BX.js?v=68644d38:7708
patch @ chunk-2MKFL3BX.js?v=68644d38:7550
componentUpdateFn @ chunk-2MKFL3BX.js?v=68644d38:8292
run @ chunk-2MKFL3BX.js?v=68644d38:505
updateComponent @ chunk-2MKFL3BX.js?v=68644d38:8143
processComponent @ chunk-2MKFL3BX.js?v=68644d38:8077
patch @ chunk-2MKFL3BX.js?v=68644d38:7562
componentUpdateFn @ chunk-2MKFL3BX.js?v=68644d38:8292
run @ chunk-2MKFL3BX.js?v=68644d38:505
runIfDirty @ chunk-2MKFL3BX.js?v=68644d38:543
callWithErrorHandling @ chunk-2MKFL3BX.js?v=68644d38:2342
flushJobs @ chunk-2MKFL3BX.js?v=68644d38:2550
Promise.then
queueFlush @ chunk-2MKFL3BX.js?v=68644d38:2464
queuePostFlushCb @ chunk-2MKFL3BX.js?v=68644d38:2478
queueEffectWithSuspense @ chunk-2MKFL3BX.js?v=68644d38:9614
baseWatchOptions.scheduler @ chunk-2MKFL3BX.js?v=68644d38:3031
effect2.scheduler @ chunk-2MKFL3BX.js?v=68644d38:2088
trigger @ chunk-2MKFL3BX.js?v=68644d38:533
endBatch @ chunk-2MKFL3BX.js?v=68644d38:591
notify @ chunk-2MKFL3BX.js?v=68644d38:853
trigger @ chunk-2MKFL3BX.js?v=68644d38:827
set value @ chunk-2MKFL3BX.js?v=68644d38:1734
finalizeNavigation @ vue-router.js?v=7970695f:2213
(anonymous) @ vue-router.js?v=7970695f:2151
Promise.then
pushWithRedirect @ vue-router.js?v=7970695f:2138
push @ vue-router.js?v=7970695f:2089
replace @ vue-router.js?v=7970695f:2092
syncQueryParams @ Search.vue:145
handleCenterChange @ Search.vue:244
callWithErrorHandling @ chunk-2MKFL3BX.js?v=68644d38:2342
callWithAsyncErrorHandling @ chunk-2MKFL3BX.js?v=68644d38:2349
emit @ chunk-2MKFL3BX.js?v=68644d38:6534
(anonymous) @ chunk-2MKFL3BX.js?v=68644d38:10390
(anonymous) @ MapExplorer.vue:89
fire @ leaflet.js?v=4b59e988:387
_onDrag @ leaflet.js?v=4b59e988:9052
fire @ leaflet.js?v=4b59e988:387
_updatePosition @ leaflet.js?v=4b59e988:4007
_onMove @ leaflet.js?v=4b59e988:4001
handler @ leaflet.js?v=4b59e988:1733
realApi.ts:238  GET http://localhost:5173/api/v1/listings?priceMin=50&priceMax=400&guests=1&areaMin=0&areaMax=100000&centerLat=44.807690433172475&centerLng=20.460083383823832&radiusKm=1&location=&page=1&perPage=10&mapMode=true 429 (Too Many Requests)
dispatchXhrRequest @ axios.js?v=c56e4d9d:1696
xhr @ axios.js?v=c56e4d9d:1573
dispatchRequest @ axios.js?v=c56e4d9d:2107
Promise.then
_request @ axios.js?v=c56e4d9d:2310
request @ axios.js?v=c56e4d9d:2219
Axios.<computed> @ axios.js?v=c56e4d9d:2346
wrap @ axios.js?v=c56e4d9d:8
searchListings @ realApi.ts:238
search @ listings.ts:175
wrappedAction @ pinia.js?v=fcb46523:5507
store.<computed> @ pinia.js?v=fcb46523:5204
runSearch @ Search.vue:208
watch.deep @ Search.vue:298
callWithErrorHandling @ chunk-2MKFL3BX.js?v=68644d38:2342
callWithAsyncErrorHandling @ chunk-2MKFL3BX.js?v=68644d38:2349
baseWatchOptions.call @ chunk-2MKFL3BX.js?v=68644d38:3027
job @ chunk-2MKFL3BX.js?v=68644d38:2072
flushPreFlushCbs @ chunk-2MKFL3BX.js?v=68644d38:2498
updateComponentPreRender @ chunk-2MKFL3BX.js?v=68644d38:8350
componentUpdateFn @ chunk-2MKFL3BX.js?v=68644d38:8269
run @ chunk-2MKFL3BX.js?v=68644d38:505
updateComponent @ chunk-2MKFL3BX.js?v=68644d38:8143
processComponent @ chunk-2MKFL3BX.js?v=68644d38:8077
patch @ chunk-2MKFL3BX.js?v=68644d38:7562
patchKeyedChildren @ chunk-2MKFL3BX.js?v=68644d38:8483
patchChildren @ chunk-2MKFL3BX.js?v=68644d38:8397
processFragment @ chunk-2MKFL3BX.js?v=68644d38:8040
patch @ chunk-2MKFL3BX.js?v=68644d38:7536
patchBlockChildren @ chunk-2MKFL3BX.js?v=68644d38:7936
patchElement @ chunk-2MKFL3BX.js?v=68644d38:7854
processElement @ chunk-2MKFL3BX.js?v=68644d38:7708
patch @ chunk-2MKFL3BX.js?v=68644d38:7550
componentUpdateFn @ chunk-2MKFL3BX.js?v=68644d38:8292
run @ chunk-2MKFL3BX.js?v=68644d38:505
updateComponent @ chunk-2MKFL3BX.js?v=68644d38:8143
processComponent @ chunk-2MKFL3BX.js?v=68644d38:8077
patch @ chunk-2MKFL3BX.js?v=68644d38:7562
componentUpdateFn @ chunk-2MKFL3BX.js?v=68644d38:8292
run @ chunk-2MKFL3BX.js?v=68644d38:505
runIfDirty @ chunk-2MKFL3BX.js?v=68644d38:543
callWithErrorHandling @ chunk-2MKFL3BX.js?v=68644d38:2342
flushJobs @ chunk-2MKFL3BX.js?v=68644d38:2550
Promise.then
queueFlush @ chunk-2MKFL3BX.js?v=68644d38:2464
queuePostFlushCb @ chunk-2MKFL3BX.js?v=68644d38:2478
queueEffectWithSuspense @ chunk-2MKFL3BX.js?v=68644d38:9614
baseWatchOptions.scheduler @ chunk-2MKFL3BX.js?v=68644d38:3031
effect2.scheduler @ chunk-2MKFL3BX.js?v=68644d38:2088
trigger @ chunk-2MKFL3BX.js?v=68644d38:533
endBatch @ chunk-2MKFL3BX.js?v=68644d38:591
notify @ chunk-2MKFL3BX.js?v=68644d38:853
trigger @ chunk-2MKFL3BX.js?v=68644d38:827
set value @ chunk-2MKFL3BX.js?v=68644d38:1734
finalizeNavigation @ vue-router.js?v=7970695f:2213
(anonymous) @ vue-router.js?v=7970695f:2151
Promise.then
pushWithRedirect @ vue-router.js?v=7970695f:2138
push @ vue-router.js?v=7970695f:2089
replace @ vue-router.js?v=7970695f:2092
syncQueryParams @ Search.vue:145
handleCenterChange @ Search.vue:244
callWithErrorHandling @ chunk-2MKFL3BX.js?v=68644d38:2342
callWithAsyncErrorHandling @ chunk-2MKFL3BX.js?v=68644d38:2349
emit @ chunk-2MKFL3BX.js?v=68644d38:6534
(anonymous) @ chunk-2MKFL3BX.js?v=68644d38:10390
(anonymous) @ MapExplorer.vue:89
fire @ leaflet.js?v=4b59e988:387
_onDrag @ leaflet.js?v=4b59e988:9052
fire @ leaflet.js?v=4b59e988:387
_updatePosition @ leaflet.js?v=4b59e988:4007
_onMove @ leaflet.js?v=4b59e988:4001
handler @ leaflet.js?v=4b59e988:1733
realApi.ts:238  GET http://localhost:5173/api/v1/listings?priceMin=50&priceMax=400&guests=1&areaMin=0&areaMax=100000&centerLat=44.807434401397416&centerLng=20.46001120910559&radiusKm=1&location=&page=1&perPage=10&mapMode=true 429 (Too Many Requests)
dispatchXhrRequest @ axios.js?v=c56e4d9d:1696
xhr @ axios.js?v=c56e4d9d:1573
dispatchRequest @ axios.js?v=c56e4d9d:2107
Promise.then
_request @ axios.js?v=c56e4d9d:2310
request @ axios.js?v=c56e4d9d:2219
Axios.<computed> @ axios.js?v=c56e4d9d:2346
wrap @ axios.js?v=c56e4d9d:8
searchListings @ realApi.ts:238
search @ listings.ts:175
wrappedAction @ pinia.js?v=fcb46523:5507
store.<computed> @ pinia.js?v=fcb46523:5204
runSearch @ Search.vue:208
watch.deep @ Search.vue:298
callWithErrorHandling @ chunk-2MKFL3BX.js?v=68644d38:2342
callWithAsyncErrorHandling @ chunk-2MKFL3BX.js?v=68644d38:2349
baseWatchOptions.call @ chunk-2MKFL3BX.js?v=68644d38:3027
job @ chunk-2MKFL3BX.js?v=68644d38:2072
flushPreFlushCbs @ chunk-2MKFL3BX.js?v=68644d38:2498
updateComponentPreRender @ chunk-2MKFL3BX.js?v=68644d38:8350
componentUpdateFn @ chunk-2MKFL3BX.js?v=68644d38:8269
run @ chunk-2MKFL3BX.js?v=68644d38:505
updateComponent @ chunk-2MKFL3BX.js?v=68644d38:8143
processComponent @ chunk-2MKFL3BX.js?v=68644d38:8077
patch @ chunk-2MKFL3BX.js?v=68644d38:7562
patchKeyedChildren @ chunk-2MKFL3BX.js?v=68644d38:8483
patchChildren @ chunk-2MKFL3BX.js?v=68644d38:8397
processFragment @ chunk-2MKFL3BX.js?v=68644d38:8040
patch @ chunk-2MKFL3BX.js?v=68644d38:7536
patchBlockChildren @ chunk-2MKFL3BX.js?v=68644d38:7936
patchElement @ chunk-2MKFL3BX.js?v=68644d38:7854
processElement @ chunk-2MKFL3BX.js?v=68644d38:7708
patch @ chunk-2MKFL3BX.js?v=68644d38:7550
componentUpdateFn @ chunk-2MKFL3BX.js?v=68644d38:8292
run @ chunk-2MKFL3BX.js?v=68644d38:505
updateComponent @ chunk-2MKFL3BX.js?v=68644d38:8143
processComponent @ chunk-2MKFL3BX.js?v=68644d38:8077
patch @ chunk-2MKFL3BX.js?v=68644d38:7562
componentUpdateFn @ chunk-2MKFL3BX.js?v=68644d38:8292
run @ chunk-2MKFL3BX.js?v=68644d38:505
runIfDirty @ chunk-2MKFL3BX.js?v=68644d38:543
callWithErrorHandling @ chunk-2MKFL3BX.js?v=68644d38:2342
flushJobs @ chunk-2MKFL3BX.js?v=68644d38:2550
Promise.then
queueFlush @ chunk-2MKFL3BX.js?v=68644d38:2464
queuePostFlushCb @ chunk-2MKFL3BX.js?v=68644d38:2478
queueEffectWithSuspense @ chunk-2MKFL3BX.js?v=68644d38:9614
baseWatchOptions.scheduler @ chunk-2MKFL3BX.js?v=68644d38:3031
effect2.scheduler @ chunk-2MKFL3BX.js?v=68644d38:2088
trigger @ chunk-2MKFL3BX.js?v=68644d38:533
endBatch @ chunk-2MKFL3BX.js?v=68644d38:591
notify @ chunk-2MKFL3BX.js?v=68644d38:853
trigger @ chunk-2MKFL3BX.js?v=68644d38:827
set value @ chunk-2MKFL3BX.js?v=68644d38:1734
finalizeNavigation @ vue-router.js?v=7970695f:2213
(anonymous) @ vue-router.js?v=7970695f:2151
Promise.then
pushWithRedirect @ vue-router.js?v=7970695f:2138
push @ vue-router.js?v=7970695f:2089
replace @ vue-router.js?v=7970695f:2092
syncQueryParams @ Search.vue:145
handleCenterChange @ Search.vue:244
callWithErrorHandling @ chunk-2MKFL3BX.js?v=68644d38:2342
callWithAsyncErrorHandling @ chunk-2MKFL3BX.js?v=68644d38:2349
emit @ chunk-2MKFL3BX.js?v=68644d38:6534
(anonymous) @ chunk-2MKFL3BX.js?v=68644d38:10390
(anonymous) @ MapExplorer.vue:89
fire @ leaflet.js?v=4b59e988:387
_onDrag @ leaflet.js?v=4b59e988:9052
fire @ leaflet.js?v=4b59e988:387
_updatePosition @ leaflet.js?v=4b59e988:4007
_onMove @ leaflet.js?v=4b59e988:4001
handler @ leaflet.js?v=4b59e988:1733
realApi.ts:238  GET http://localhost:5173/api/v1/listings?priceMin=50&priceMax=400&guests=1&areaMin=0&areaMax=100000&centerLat=44.807331988369214&centerLng=20.46001120910559&radiusKm=1&location=&page=1&perPage=10&mapMode=true 429 (Too Many Requests)
dispatchXhrRequest @ axios.js?v=c56e4d9d:1696
xhr @ axios.js?v=c56e4d9d:1573
dispatchRequest @ axios.js?v=c56e4d9d:2107
Promise.then
_request @ axios.js?v=c56e4d9d:2310
request @ axios.js?v=c56e4d9d:2219
Axios.<computed> @ axios.js?v=c56e4d9d:2346
wrap @ axios.js?v=c56e4d9d:8
searchListings @ realApi.ts:238
search @ listings.ts:175
wrappedAction @ pinia.js?v=fcb46523:5507
store.<computed> @ pinia.js?v=fcb46523:5204
runSearch @ Search.vue:208
watch.deep @ Search.vue:298
callWithErrorHandling @ chunk-2MKFL3BX.js?v=68644d38:2342
callWithAsyncErrorHandling @ chunk-2MKFL3BX.js?v=68644d38:2349
baseWatchOptions.call @ chunk-2MKFL3BX.js?v=68644d38:3027
job @ chunk-2MKFL3BX.js?v=68644d38:2072
flushPreFlushCbs @ chunk-2MKFL3BX.js?v=68644d38:2498
updateComponentPreRender @ chunk-2MKFL3BX.js?v=68644d38:8350
componentUpdateFn @ chunk-2MKFL3BX.js?v=68644d38:8269
run @ chunk-2MKFL3BX.js?v=68644d38:505
updateComponent @ chunk-2MKFL3BX.js?v=68644d38:8143
processComponent @ chunk-2MKFL3BX.js?v=68644d38:8077
patch @ chunk-2MKFL3BX.js?v=68644d38:7562
patchKeyedChildren @ chunk-2MKFL3BX.js?v=68644d38:8483
patchChildren @ chunk-2MKFL3BX.js?v=68644d38:8397
processFragment @ chunk-2MKFL3BX.js?v=68644d38:8040
patch @ chunk-2MKFL3BX.js?v=68644d38:7536
patchBlockChildren @ chunk-2MKFL3BX.js?v=68644d38:7936
patchElement @ chunk-2MKFL3BX.js?v=68644d38:7854
processElement @ chunk-2MKFL3BX.js?v=68644d38:7708
patch @ chunk-2MKFL3BX.js?v=68644d38:7550
componentUpdateFn @ chunk-2MKFL3BX.js?v=68644d38:8292
run @ chunk-2MKFL3BX.js?v=68644d38:505
updateComponent @ chunk-2MKFL3BX.js?v=68644d38:8143
processComponent @ chunk-2MKFL3BX.js?v=68644d38:8077
patch @ chunk-2MKFL3BX.js?v=68644d38:7562
componentUpdateFn @ chunk-2MKFL3BX.js?v=68644d38:8292
run @ chunk-2MKFL3BX.js?v=68644d38:505
runIfDirty @ chunk-2MKFL3BX.js?v=68644d38:543
callWithErrorHandling @ chunk-2MKFL3BX.js?v=68644d38:2342
flushJobs @ chunk-2MKFL3BX.js?v=68644d38:2550
Promise.then
queueFlush @ chunk-2MKFL3BX.js?v=68644d38:2464
queuePostFlushCb @ chunk-2MKFL3BX.js?v=68644d38:2478
queueEffectWithSuspense @ chunk-2MKFL3BX.js?v=68644d38:9614
baseWatchOptions.scheduler @ chunk-2MKFL3BX.js?v=68644d38:3031
effect2.scheduler @ chunk-2MKFL3BX.js?v=68644d38:2088
trigger @ chunk-2MKFL3BX.js?v=68644d38:533
endBatch @ chunk-2MKFL3BX.js?v=68644d38:591
notify @ chunk-2MKFL3BX.js?v=68644d38:853
trigger @ chunk-2MKFL3BX.js?v=68644d38:827
set value @ chunk-2MKFL3BX.js?v=68644d38:1734
finalizeNavigation @ vue-router.js?v=7970695f:2213
(anonymous) @ vue-router.js?v=7970695f:2151
Promise.then
pushWithRedirect @ vue-router.js?v=7970695f:2138
push @ vue-router.js?v=7970695f:2089
replace @ vue-router.js?v=7970695f:2092
syncQueryParams @ Search.vue:145
handleCenterChange @ Search.vue:244
callWithErrorHandling @ chunk-2MKFL3BX.js?v=68644d38:2342
callWithAsyncErrorHandling @ chunk-2MKFL3BX.js?v=68644d38:2349
emit @ chunk-2MKFL3BX.js?v=68644d38:6534
(anonymous) @ chunk-2MKFL3BX.js?v=68644d38:10390
(anonymous) @ MapExplorer.vue:89
fire @ leaflet.js?v=4b59e988:387
_onDrag @ leaflet.js?v=4b59e988:9052
fire @ leaflet.js?v=4b59e988:387
_updatePosition @ leaflet.js?v=4b59e988:4007
_onMove @ leaflet.js?v=4b59e988:4001
handler @ leaflet.js?v=4b59e988:1733
realApi.ts:238  GET http://localhost:5173/api/v1/listings?priceMin=50&priceMax=400&guests=1&areaMin=0&areaMax=100000&centerLat=44.807178368485935&centerLng=20.459939034387308&radiusKm=1&location=&page=1&perPage=10&mapMode=true 429 (Too Many Requests)
dispatchXhrRequest @ axios.js?v=c56e4d9d:1696
xhr @ axios.js?v=c56e4d9d:1573
dispatchRequest @ axios.js?v=c56e4d9d:2107
Promise.then
_request @ axios.js?v=c56e4d9d:2310
request @ axios.js?v=c56e4d9d:2219
Axios.<computed> @ axios.js?v=c56e4d9d:2346
wrap @ axios.js?v=c56e4d9d:8
searchListings @ realApi.ts:238
search @ listings.ts:175
wrappedAction @ pinia.js?v=fcb46523:5507
store.<computed> @ pinia.js?v=fcb46523:5204
runSearch @ Search.vue:208
watch.deep @ Search.vue:298
callWithErrorHandling @ chunk-2MKFL3BX.js?v=68644d38:2342
callWithAsyncErrorHandling @ chunk-2MKFL3BX.js?v=68644d38:2349
baseWatchOptions.call @ chunk-2MKFL3BX.js?v=68644d38:3027
job @ chunk-2MKFL3BX.js?v=68644d38:2072
flushPreFlushCbs @ chunk-2MKFL3BX.js?v=68644d38:2498
updateComponentPreRender @ chunk-2MKFL3BX.js?v=68644d38:8350
componentUpdateFn @ chunk-2MKFL3BX.js?v=68644d38:8269
run @ chunk-2MKFL3BX.js?v=68644d38:505
updateComponent @ chunk-2MKFL3BX.js?v=68644d38:8143
processComponent @ chunk-2MKFL3BX.js?v=68644d38:8077
patch @ chunk-2MKFL3BX.js?v=68644d38:7562
patchKeyedChildren @ chunk-2MKFL3BX.js?v=68644d38:8483
patchChildren @ chunk-2MKFL3BX.js?v=68644d38:8397
processFragment @ chunk-2MKFL3BX.js?v=68644d38:8040
patch @ chunk-2MKFL3BX.js?v=68644d38:7536
patchBlockChildren @ chunk-2MKFL3BX.js?v=68644d38:7936
patchElement @ chunk-2MKFL3BX.js?v=68644d38:7854
processElement @ chunk-2MKFL3BX.js?v=68644d38:7708
patch @ chunk-2MKFL3BX.js?v=68644d38:7550
componentUpdateFn @ chunk-2MKFL3BX.js?v=68644d38:8292
run @ chunk-2MKFL3BX.js?v=68644d38:505
updateComponent @ chunk-2MKFL3BX.js?v=68644d38:8143
processComponent @ chunk-2MKFL3BX.js?v=68644d38:8077
patch @ chunk-2MKFL3BX.js?v=68644d38:7562
componentUpdateFn @ chunk-2MKFL3BX.js?v=68644d38:8292
run @ chunk-2MKFL3BX.js?v=68644d38:505
runIfDirty @ chunk-2MKFL3BX.js?v=68644d38:543
callWithErrorHandling @ chunk-2MKFL3BX.js?v=68644d38:2342
flushJobs @ chunk-2MKFL3BX.js?v=68644d38:2550
Promise.then
queueFlush @ chunk-2MKFL3BX.js?v=68644d38:2464
queuePostFlushCb @ chunk-2MKFL3BX.js?v=68644d38:2478
queueEffectWithSuspense @ chunk-2MKFL3BX.js?v=68644d38:9614
baseWatchOptions.scheduler @ chunk-2MKFL3BX.js?v=68644d38:3031
effect2.scheduler @ chunk-2MKFL3BX.js?v=68644d38:2088
trigger @ chunk-2MKFL3BX.js?v=68644d38:533
endBatch @ chunk-2MKFL3BX.js?v=68644d38:591
notify @ chunk-2MKFL3BX.js?v=68644d38:853
trigger @ chunk-2MKFL3BX.js?v=68644d38:827
set value @ chunk-2MKFL3BX.js?v=68644d38:1734
finalizeNavigation @ vue-router.js?v=7970695f:2213
(anonymous) @ vue-router.js?v=7970695f:2151
Promise.then
pushWithRedirect @ vue-router.js?v=7970695f:2138
push @ vue-router.js?v=7970695f:2089
replace @ vue-router.js?v=7970695f:2092
syncQueryParams @ Search.vue:145
handleCenterChange @ Search.vue:244
callWithErrorHandling @ chunk-2MKFL3BX.js?v=68644d38:2342
callWithAsyncErrorHandling @ chunk-2MKFL3BX.js?v=68644d38:2349
emit @ chunk-2MKFL3BX.js?v=68644d38:6534
(anonymous) @ chunk-2MKFL3BX.js?v=68644d38:10390
(anonymous) @ MapExplorer.vue:89
fire @ leaflet.js?v=4b59e988:387
_onDrag @ leaflet.js?v=4b59e988:9052
fire @ leaflet.js?v=4b59e988:387
_updatePosition @ leaflet.js?v=4b59e988:4007
_onMove @ leaflet.js?v=4b59e988:4001
handler @ leaflet.js?v=4b59e988:1733
realApi.ts:238  GET http://localhost:5173/api/v1/listings?priceMin=50&priceMax=400&guests=1&areaMin=0&areaMax=100000&centerLat=44.80707595500314&centerLng=20.459939034387308&radiusKm=1&location=&page=1&perPage=10&mapMode=true 429 (Too Many Requests)
dispatchXhrRequest @ axios.js?v=c56e4d9d:1696
xhr @ axios.js?v=c56e4d9d:1573
dispatchRequest @ axios.js?v=c56e4d9d:2107
Promise.then
_request @ axios.js?v=c56e4d9d:2310
request @ axios.js?v=c56e4d9d:2219
Axios.<computed> @ axios.js?v=c56e4d9d:2346
wrap @ axios.js?v=c56e4d9d:8
searchListings @ realApi.ts:238
search @ listings.ts:175
wrappedAction @ pinia.js?v=fcb46523:5507
store.<computed> @ pinia.js?v=fcb46523:5204
runSearch @ Search.vue:208
watch.deep @ Search.vue:298
callWithErrorHandling @ chunk-2MKFL3BX.js?v=68644d38:2342
callWithAsyncErrorHandling @ chunk-2MKFL3BX.js?v=68644d38:2349
baseWatchOptions.call @ chunk-2MKFL3BX.js?v=68644d38:3027
job @ chunk-2MKFL3BX.js?v=68644d38:2072
flushPreFlushCbs @ chunk-2MKFL3BX.js?v=68644d38:2498
updateComponentPreRender @ chunk-2MKFL3BX.js?v=68644d38:8350
componentUpdateFn @ chunk-2MKFL3BX.js?v=68644d38:8269
run @ chunk-2MKFL3BX.js?v=68644d38:505
updateComponent @ chunk-2MKFL3BX.js?v=68644d38:8143
processComponent @ chunk-2MKFL3BX.js?v=68644d38:8077
patch @ chunk-2MKFL3BX.js?v=68644d38:7562
patchKeyedChildren @ chunk-2MKFL3BX.js?v=68644d38:8483
patchChildren @ chunk-2MKFL3BX.js?v=68644d38:8397
processFragment @ chunk-2MKFL3BX.js?v=68644d38:8040
patch @ chunk-2MKFL3BX.js?v=68644d38:7536
patchBlockChildren @ chunk-2MKFL3BX.js?v=68644d38:7936
patchElement @ chunk-2MKFL3BX.js?v=68644d38:7854
processElement @ chunk-2MKFL3BX.js?v=68644d38:7708
patch @ chunk-2MKFL3BX.js?v=68644d38:7550
componentUpdateFn @ chunk-2MKFL3BX.js?v=68644d38:8292
run @ chunk-2MKFL3BX.js?v=68644d38:505
updateComponent @ chunk-2MKFL3BX.js?v=68644d38:8143
processComponent @ chunk-2MKFL3BX.js?v=68644d38:8077
patch @ chunk-2MKFL3BX.js?v=68644d38:7562
componentUpdateFn @ chunk-2MKFL3BX.js?v=68644d38:8292
run @ chunk-2MKFL3BX.js?v=68644d38:505
runIfDirty @ chunk-2MKFL3BX.js?v=68644d38:543
callWithErrorHandling @ chunk-2MKFL3BX.js?v=68644d38:2342
flushJobs @ chunk-2MKFL3BX.js?v=68644d38:2550
Promise.then
queueFlush @ chunk-2MKFL3BX.js?v=68644d38:2464
queuePostFlushCb @ chunk-2MKFL3BX.js?v=68644d38:2478
queueEffectWithSuspense @ chunk-2MKFL3BX.js?v=68644d38:9614
baseWatchOptions.scheduler @ chunk-2MKFL3BX.js?v=68644d38:3031
effect2.scheduler @ chunk-2MKFL3BX.js?v=68644d38:2088
trigger @ chunk-2MKFL3BX.js?v=68644d38:533
endBatch @ chunk-2MKFL3BX.js?v=68644d38:591
notify @ chunk-2MKFL3BX.js?v=68644d38:853
trigger @ chunk-2MKFL3BX.js?v=68644d38:827
set value @ chunk-2MKFL3BX.js?v=68644d38:1734
finalizeNavigation @ vue-router.js?v=7970695f:2213
(anonymous) @ vue-router.js?v=7970695f:2151
Promise.then
pushWithRedirect @ vue-router.js?v=7970695f:2138
push @ vue-router.js?v=7970695f:2089
replace @ vue-router.js?v=7970695f:2092
syncQueryParams @ Search.vue:145
handleCenterChange @ Search.vue:244
callWithErrorHandling @ chunk-2MKFL3BX.js?v=68644d38:2342
callWithAsyncErrorHandling @ chunk-2MKFL3BX.js?v=68644d38:2349
emit @ chunk-2MKFL3BX.js?v=68644d38:6534
(anonymous) @ chunk-2MKFL3BX.js?v=68644d38:10390
(anonymous) @ MapExplorer.vue:89
fire @ leaflet.js?v=4b59e988:387
_onDrag @ leaflet.js?v=4b59e988:9052
fire @ leaflet.js?v=4b59e988:387
_updatePosition @ leaflet.js?v=4b59e988:4007
_onMove @ leaflet.js?v=4b59e988:4001
handler @ leaflet.js?v=4b59e988:1733
realApi.ts:238  GET http://localhost:5173/api/v1/listings?priceMin=50&priceMax=400&guests=1&areaMin=0&areaMax=100000&centerLat=44.80697354133853&centerLng=20.459939034387308&radiusKm=1&location=&page=1&perPage=10&mapMode=true 429 (Too Many Requests)
dispatchXhrRequest @ axios.js?v=c56e4d9d:1696
xhr @ axios.js?v=c56e4d9d:1573
dispatchRequest @ axios.js?v=c56e4d9d:2107
Promise.then
_request @ axios.js?v=c56e4d9d:2310
request @ axios.js?v=c56e4d9d:2219
Axios.<computed> @ axios.js?v=c56e4d9d:2346
wrap @ axios.js?v=c56e4d9d:8
searchListings @ realApi.ts:238
search @ listings.ts:175
wrappedAction @ pinia.js?v=fcb46523:5507
store.<computed> @ pinia.js?v=fcb46523:5204
runSearch @ Search.vue:208
watch.deep @ Search.vue:298
callWithErrorHandling @ chunk-2MKFL3BX.js?v=68644d38:2342
callWithAsyncErrorHandling @ chunk-2MKFL3BX.js?v=68644d38:2349
baseWatchOptions.call @ chunk-2MKFL3BX.js?v=68644d38:3027
job @ chunk-2MKFL3BX.js?v=68644d38:2072
flushPreFlushCbs @ chunk-2MKFL3BX.js?v=68644d38:2498
updateComponentPreRender @ chunk-2MKFL3BX.js?v=68644d38:8350
componentUpdateFn @ chunk-2MKFL3BX.js?v=68644d38:8269
run @ chunk-2MKFL3BX.js?v=68644d38:505
updateComponent @ chunk-2MKFL3BX.js?v=68644d38:8143
processComponent @ chunk-2MKFL3BX.js?v=68644d38:8077
patch @ chunk-2MKFL3BX.js?v=68644d38:7562
patchKeyedChildren @ chunk-2MKFL3BX.js?v=68644d38:8483
patchChildren @ chunk-2MKFL3BX.js?v=68644d38:8397
processFragment @ chunk-2MKFL3BX.js?v=68644d38:8040
patch @ chunk-2MKFL3BX.js?v=68644d38:7536
patchBlockChildren @ chunk-2MKFL3BX.js?v=68644d38:7936
patchElement @ chunk-2MKFL3BX.js?v=68644d38:7854
processElement @ chunk-2MKFL3BX.js?v=68644d38:7708
patch @ chunk-2MKFL3BX.js?v=68644d38:7550
componentUpdateFn @ chunk-2MKFL3BX.js?v=68644d38:8292
run @ chunk-2MKFL3BX.js?v=68644d38:505
updateComponent @ chunk-2MKFL3BX.js?v=68644d38:8143
processComponent @ chunk-2MKFL3BX.js?v=68644d38:8077
patch @ chunk-2MKFL3BX.js?v=68644d38:7562
componentUpdateFn @ chunk-2MKFL3BX.js?v=68644d38:8292
run @ chunk-2MKFL3BX.js?v=68644d38:505
runIfDirty @ chunk-2MKFL3BX.js?v=68644d38:543
callWithErrorHandling @ chunk-2MKFL3BX.js?v=68644d38:2342
flushJobs @ chunk-2MKFL3BX.js?v=68644d38:2550
Promise.then
queueFlush @ chunk-2MKFL3BX.js?v=68644d38:2464
queuePostFlushCb @ chunk-2MKFL3BX.js?v=68644d38:2478
queueEffectWithSuspense @ chunk-2MKFL3BX.js?v=68644d38:9614
baseWatchOptions.scheduler @ chunk-2MKFL3BX.js?v=68644d38:3031
effect2.scheduler @ chunk-2MKFL3BX.js?v=68644d38:2088
trigger @ chunk-2MKFL3BX.js?v=68644d38:533
endBatch @ chunk-2MKFL3BX.js?v=68644d38:591
notify @ chunk-2MKFL3BX.js?v=68644d38:853
trigger @ chunk-2MKFL3BX.js?v=68644d38:827
set value @ chunk-2MKFL3BX.js?v=68644d38:1734
finalizeNavigation @ vue-router.js?v=7970695f:2213
(anonymous) @ vue-router.js?v=7970695f:2151
Promise.then
pushWithRedirect @ vue-router.js?v=7970695f:2138
push @ vue-router.js?v=7970695f:2089
replace @ vue-router.js?v=7970695f:2092
syncQueryParams @ Search.vue:145
handleCenterChange @ Search.vue:244
callWithErrorHandling @ chunk-2MKFL3BX.js?v=68644d38:2342
callWithAsyncErrorHandling @ chunk-2MKFL3BX.js?v=68644d38:2349
emit @ chunk-2MKFL3BX.js?v=68644d38:6534
(anonymous) @ chunk-2MKFL3BX.js?v=68644d38:10390
(anonymous) @ MapExplorer.vue:89
fire @ leaflet.js?v=4b59e988:387
_onDrag @ leaflet.js?v=4b59e988:9052
fire @ leaflet.js?v=4b59e988:387
_updatePosition @ leaflet.js?v=4b59e988:4007
_onMove @ leaflet.js?v=4b59e988:4001
handler @ leaflet.js?v=4b59e988:1733
realApi.ts:238  GET http://localhost:5173/api/v1/listings?priceMin=50&priceMax=400&guests=1&areaMin=0&areaMax=100000&centerLat=44.80687112749206&centerLng=20.459939034387308&radiusKm=1&location=&page=1&perPage=10&mapMode=true 429 (Too Many Requests)
dispatchXhrRequest @ axios.js?v=c56e4d9d:1696
xhr @ axios.js?v=c56e4d9d:1573
dispatchRequest @ axios.js?v=c56e4d9d:2107
Promise.then
_request @ axios.js?v=c56e4d9d:2310
request @ axios.js?v=c56e4d9d:2219
Axios.<computed> @ axios.js?v=c56e4d9d:2346
wrap @ axios.js?v=c56e4d9d:8
searchListings @ realApi.ts:238
search @ listings.ts:175
wrappedAction @ pinia.js?v=fcb46523:5507
store.<computed> @ pinia.js?v=fcb46523:5204
runSearch @ Search.vue:208
watch.deep @ Search.vue:298
callWithErrorHandling @ chunk-2MKFL3BX.js?v=68644d38:2342
callWithAsyncErrorHandling @ chunk-2MKFL3BX.js?v=68644d38:2349
baseWatchOptions.call @ chunk-2MKFL3BX.js?v=68644d38:3027
job @ chunk-2MKFL3BX.js?v=68644d38:2072
flushPreFlushCbs @ chunk-2MKFL3BX.js?v=68644d38:2498
updateComponentPreRender @ chunk-2MKFL3BX.js?v=68644d38:8350
componentUpdateFn @ chunk-2MKFL3BX.js?v=68644d38:8269
run @ chunk-2MKFL3BX.js?v=68644d38:505
updateComponent @ chunk-2MKFL3BX.js?v=68644d38:8143
processComponent @ chunk-2MKFL3BX.js?v=68644d38:8077
patch @ chunk-2MKFL3BX.js?v=68644d38:7562
patchKeyedChildren @ chunk-2MKFL3BX.js?v=68644d38:8483
patchChildren @ chunk-2MKFL3BX.js?v=68644d38:8397
processFragment @ chunk-2MKFL3BX.js?v=68644d38:8040
patch @ chunk-2MKFL3BX.js?v=68644d38:7536
patchBlockChildren @ chunk-2MKFL3BX.js?v=68644d38:7936
patchElement @ chunk-2MKFL3BX.js?v=68644d38:7854
processElement @ chunk-2MKFL3BX.js?v=68644d38:7708
patch @ chunk-2MKFL3BX.js?v=68644d38:7550
componentUpdateFn @ chunk-2MKFL3BX.js?v=68644d38:8292
run @ chunk-2MKFL3BX.js?v=68644d38:505
updateComponent @ chunk-2MKFL3BX.js?v=68644d38:8143
processComponent @ chunk-2MKFL3BX.js?v=68644d38:8077
patch @ chunk-2MKFL3BX.js?v=68644d38:7562
componentUpdateFn @ chunk-2MKFL3BX.js?v=68644d38:8292
run @ chunk-2MKFL3BX.js?v=68644d38:505
runIfDirty @ chunk-2MKFL3BX.js?v=68644d38:543
callWithErrorHandling @ chunk-2MKFL3BX.js?v=68644d38:2342
flushJobs @ chunk-2MKFL3BX.js?v=68644d38:2550
Promise.then
queueFlush @ chunk-2MKFL3BX.js?v=68644d38:2464
queuePostFlushCb @ chunk-2MKFL3BX.js?v=68644d38:2478
queueEffectWithSuspense @ chunk-2MKFL3BX.js?v=68644d38:9614
baseWatchOptions.scheduler @ chunk-2MKFL3BX.js?v=68644d38:3031
effect2.scheduler @ chunk-2MKFL3BX.js?v=68644d38:2088
trigger @ chunk-2MKFL3BX.js?v=68644d38:533
endBatch @ chunk-2MKFL3BX.js?v=68644d38:591
notify @ chunk-2MKFL3BX.js?v=68644d38:853
trigger @ chunk-2MKFL3BX.js?v=68644d38:827
set value @ chunk-2MKFL3BX.js?v=68644d38:1734
finalizeNavigation @ vue-router.js?v=7970695f:2213
(anonymous) @ vue-router.js?v=7970695f:2151
Promise.then
pushWithRedirect @ vue-router.js?v=7970695f:2138
push @ vue-router.js?v=7970695f:2089
replace @ vue-router.js?v=7970695f:2092
syncQueryParams @ Search.vue:145
handleCenterChange @ Search.vue:244
callWithErrorHandling @ chunk-2MKFL3BX.js?v=68644d38:2342
callWithAsyncErrorHandling @ chunk-2MKFL3BX.js?v=68644d38:2349
emit @ chunk-2MKFL3BX.js?v=68644d38:6534
(anonymous) @ chunk-2MKFL3BX.js?v=68644d38:10390
(anonymous) @ MapExplorer.vue:89
fire @ leaflet.js?v=4b59e988:387
_onDrag @ leaflet.js?v=4b59e988:9052
fire @ leaflet.js?v=4b59e988:387
_updatePosition @ leaflet.js?v=4b59e988:4007
_onMove @ leaflet.js?v=4b59e988:4001
handler @ leaflet.js?v=4b59e988:1733
realApi.ts:238  GET http://localhost:5173/api/v1/listings?priceMin=50&priceMax=400&guests=1&areaMin=0&areaMax=100000&centerLat=44.8073253192958&centerLng=20.45984745025635&radiusKm=1&location=&page=1&perPage=10&mapMode=true 429 (Too Many Requests)
dispatchXhrRequest @ axios.js?v=c56e4d9d:1696
xhr @ axios.js?v=c56e4d9d:1573
dispatchRequest @ axios.js?v=c56e4d9d:2107
Promise.then
_request @ axios.js?v=c56e4d9d:2310
request @ axios.js?v=c56e4d9d:2219
Axios.<computed> @ axios.js?v=c56e4d9d:2346
wrap @ axios.js?v=c56e4d9d:8
searchListings @ realApi.ts:238
search @ listings.ts:175
wrappedAction @ pinia.js?v=fcb46523:5507
store.<computed> @ pinia.js?v=fcb46523:5204
runSearch @ Search.vue:208
watch.deep @ Search.vue:298
callWithErrorHandling @ chunk-2MKFL3BX.js?v=68644d38:2342
callWithAsyncErrorHandling @ chunk-2MKFL3BX.js?v=68644d38:2349
baseWatchOptions.call @ chunk-2MKFL3BX.js?v=68644d38:3027
job @ chunk-2MKFL3BX.js?v=68644d38:2072
flushPreFlushCbs @ chunk-2MKFL3BX.js?v=68644d38:2498
updateComponentPreRender @ chunk-2MKFL3BX.js?v=68644d38:8350
componentUpdateFn @ chunk-2MKFL3BX.js?v=68644d38:8269
run @ chunk-2MKFL3BX.js?v=68644d38:505
updateComponent @ chunk-2MKFL3BX.js?v=68644d38:8143
processComponent @ chunk-2MKFL3BX.js?v=68644d38:8077
patch @ chunk-2MKFL3BX.js?v=68644d38:7562
patchKeyedChildren @ chunk-2MKFL3BX.js?v=68644d38:8483
patchChildren @ chunk-2MKFL3BX.js?v=68644d38:8397
processFragment @ chunk-2MKFL3BX.js?v=68644d38:8040
patch @ chunk-2MKFL3BX.js?v=68644d38:7536
patchBlockChildren @ chunk-2MKFL3BX.js?v=68644d38:7936
patchElement @ chunk-2MKFL3BX.js?v=68644d38:7854
processElement @ chunk-2MKFL3BX.js?v=68644d38:7708
patch @ chunk-2MKFL3BX.js?v=68644d38:7550
componentUpdateFn @ chunk-2MKFL3BX.js?v=68644d38:8292
run @ chunk-2MKFL3BX.js?v=68644d38:505
updateComponent @ chunk-2MKFL3BX.js?v=68644d38:8143
processComponent @ chunk-2MKFL3BX.js?v=68644d38:8077
patch @ chunk-2MKFL3BX.js?v=68644d38:7562
componentUpdateFn @ chunk-2MKFL3BX.js?v=68644d38:8292
run @ chunk-2MKFL3BX.js?v=68644d38:505
runIfDirty @ chunk-2MKFL3BX.js?v=68644d38:543
callWithErrorHandling @ chunk-2MKFL3BX.js?v=68644d38:2342
flushJobs @ chunk-2MKFL3BX.js?v=68644d38:2550
Promise.then
queueFlush @ chunk-2MKFL3BX.js?v=68644d38:2464
queuePostFlushCb @ chunk-2MKFL3BX.js?v=68644d38:2478
queueEffectWithSuspense @ chunk-2MKFL3BX.js?v=68644d38:9614
baseWatchOptions.scheduler @ chunk-2MKFL3BX.js?v=68644d38:3031
effect2.scheduler @ chunk-2MKFL3BX.js?v=68644d38:2088
trigger @ chunk-2MKFL3BX.js?v=68644d38:533
endBatch @ chunk-2MKFL3BX.js?v=68644d38:591
notify @ chunk-2MKFL3BX.js?v=68644d38:853
trigger @ chunk-2MKFL3BX.js?v=68644d38:827
set value @ chunk-2MKFL3BX.js?v=68644d38:1734
finalizeNavigation @ vue-router.js?v=7970695f:2213
(anonymous) @ vue-router.js?v=7970695f:2151
Promise.then
pushWithRedirect @ vue-router.js?v=7970695f:2138
push @ vue-router.js?v=7970695f:2089
replace @ vue-router.js?v=7970695f:2092
syncQueryParams @ Search.vue:145
handleCenterChange @ Search.vue:244
callWithErrorHandling @ chunk-2MKFL3BX.js?v=68644d38:2342
callWithAsyncErrorHandling @ chunk-2MKFL3BX.js?v=68644d38:2349
emit @ chunk-2MKFL3BX.js?v=68644d38:6534
(anonymous) @ chunk-2MKFL3BX.js?v=68644d38:10390
(anonymous) @ MapExplorer.vue:89
fire @ leaflet.js?v=4b59e988:387
_onZoomTransitionEnd @ leaflet.js?v=4b59e988:3157
_catchTransitionEnd @ leaflet.js?v=4b59e988:3100
handler @ leaflet.js?v=4b59e988:1733
