auth.ts:153  GET http://localhost:5173/api/v1/auth/me 401 (Unauthorized)
dispatchXhrRequest @ axios.js?v=cbb0b985:1696
xhr @ axios.js?v=cbb0b985:1573
dispatchRequest @ axios.js?v=cbb0b985:2107
Promise.then
_request @ axios.js?v=cbb0b985:2310
request @ axios.js?v=cbb0b985:2219
Axios.<computed> @ axios.js?v=cbb0b985:2346
wrap @ axios.js?v=cbb0b985:8
fetchMe @ auth.ts:153
wrappedAction @ pinia.js?v=cbb0b985:5507
store.<computed> @ pinia.js?v=cbb0b985:5204
initialize @ auth.ts:100
wrappedAction @ pinia.js?v=cbb0b985:5507
store.<computed> @ pinia.js?v=cbb0b985:5204
(anonymous) @ index.ts:208
(anonymous) @ vue-router.js?v=cbb0b985:595
runWithContext @ vue-router.js?v=cbb0b985:577
(anonymous) @ vue-router.js?v=cbb0b985:595
(anonymous) @ vue-router.js?v=cbb0b985:579
runWithContext @ chunk-2MKFL3BX.js?v=cbb0b985:6396
runWithContext @ vue-router.js?v=cbb0b985:2162
(anonymous) @ vue-router.js?v=cbb0b985:2351
Promise.then
(anonymous) @ vue-router.js?v=cbb0b985:2351
runGuardQueue @ vue-router.js?v=cbb0b985:2351
(anonymous) @ vue-router.js?v=cbb0b985:2177
Promise.then
navigate @ vue-router.js?v=cbb0b985:2173
pushWithRedirect @ vue-router.js?v=cbb0b985:2138
push @ vue-router.js?v=cbb0b985:2089
install @ vue-router.js?v=cbb0b985:2321
use @ chunk-2MKFL3BX.js?v=cbb0b985:6259
(anonymous) @ main.ts:13
MapExplorer.vue:93 [Vue warn]: Unhandled error during execution of app errorHandler
warn$1 @ chunk-2MKFL3BX.js?v=cbb0b985:2195
logError @ chunk-2MKFL3BX.js?v=cbb0b985:2406
handleError @ chunk-2MKFL3BX.js?v=cbb0b985:2398
checkRecursiveUpdates @ chunk-2MKFL3BX.js?v=cbb0b985:2581
check @ chunk-2MKFL3BX.js?v=cbb0b985:2539
flushJobs @ chunk-2MKFL3BX.js?v=cbb0b985:2544
Promise.then
queueFlush @ chunk-2MKFL3BX.js?v=cbb0b985:2464
queueJob @ chunk-2MKFL3BX.js?v=cbb0b985:2459
effect2.scheduler @ chunk-2MKFL3BX.js?v=cbb0b985:8334
trigger @ chunk-2MKFL3BX.js?v=cbb0b985:533
endBatch @ chunk-2MKFL3BX.js?v=cbb0b985:591
notify @ chunk-2MKFL3BX.js?v=cbb0b985:853
trigger @ chunk-2MKFL3BX.js?v=cbb0b985:827
set value @ chunk-2MKFL3BX.js?v=cbb0b985:1734
(anonymous) @ MapExplorer.vue:93
fire @ leaflet.js?v=cbb0b985:387
_moveEnd @ leaflet.js?v=cbb0b985:2821
_onZoomTransitionEnd @ leaflet.js?v=cbb0b985:3158
_catchTransitionEnd @ leaflet.js?v=cbb0b985:3100
handler @ leaflet.js?v=cbb0b985:1733
search?view=map&cent…538453&radiusKm=3:1 Uncaught (in promise) Maximum recursive updates exceeded in component <Search>. This means you have a reactive effect that is mutating its own dependencies and thus recursively triggering itself. Possible sources include component template, render function, updated hook or watcher source function.
Promise.then
queueFlush @ chunk-2MKFL3BX.js?v=cbb0b985:2464
queueJob @ chunk-2MKFL3BX.js?v=cbb0b985:2459
effect2.scheduler @ chunk-2MKFL3BX.js?v=cbb0b985:8334
trigger @ chunk-2MKFL3BX.js?v=cbb0b985:533
endBatch @ chunk-2MKFL3BX.js?v=cbb0b985:591
notify @ chunk-2MKFL3BX.js?v=cbb0b985:853
trigger @ chunk-2MKFL3BX.js?v=cbb0b985:827
set value @ chunk-2MKFL3BX.js?v=cbb0b985:1734
(anonymous) @ MapExplorer.vue:93
fire @ leaflet.js?v=cbb0b985:387
_moveEnd @ leaflet.js?v=cbb0b985:2821
_onZoomTransitionEnd @ leaflet.js?v=cbb0b985:3158
_catchTransitionEnd @ leaflet.js?v=cbb0b985:3100
handler @ leaflet.js?v=cbb0b985:1733
listings.ts:111 [Vue warn]: Unhandled error during execution of app errorHandler
warn$1 @ chunk-2MKFL3BX.js?v=cbb0b985:2195
logError @ chunk-2MKFL3BX.js?v=cbb0b985:2406
handleError @ chunk-2MKFL3BX.js?v=cbb0b985:2398
checkRecursiveUpdates @ chunk-2MKFL3BX.js?v=cbb0b985:2581
check @ chunk-2MKFL3BX.js?v=cbb0b985:2539
flushJobs @ chunk-2MKFL3BX.js?v=cbb0b985:2544
Promise.then
queueFlush @ chunk-2MKFL3BX.js?v=cbb0b985:2464
queueJob @ chunk-2MKFL3BX.js?v=cbb0b985:2459
baseWatchOptions.scheduler @ chunk-2MKFL3BX.js?v=cbb0b985:3039
effect2.scheduler @ chunk-2MKFL3BX.js?v=cbb0b985:2088
trigger @ chunk-2MKFL3BX.js?v=cbb0b985:533
endBatch @ chunk-2MKFL3BX.js?v=cbb0b985:591
trigger @ chunk-2MKFL3BX.js?v=cbb0b985:980
set @ chunk-2MKFL3BX.js?v=cbb0b985:1296
set value @ chunk-2MKFL3BX.js?v=cbb0b985:1843
set @ chunk-2MKFL3BX.js?v=cbb0b985:1280
set @ pinia.js?v=cbb0b985:5200
updateGeoFilters @ listings.ts:111
wrappedAction @ pinia.js?v=cbb0b985:5507
store.<computed> @ pinia.js?v=cbb0b985:5204
handleCenterChange @ Search.vue:252
callWithErrorHandling @ chunk-2MKFL3BX.js?v=cbb0b985:2342
callWithAsyncErrorHandling @ chunk-2MKFL3BX.js?v=cbb0b985:2349
emit @ chunk-2MKFL3BX.js?v=cbb0b985:6534
(anonymous) @ chunk-2MKFL3BX.js?v=cbb0b985:10390
(anonymous) @ MapExplorer.vue:96
fire @ leaflet.js?v=cbb0b985:387
_moveEnd @ leaflet.js?v=cbb0b985:2821
_onZoomTransitionEnd @ leaflet.js?v=cbb0b985:3158
_catchTransitionEnd @ leaflet.js?v=cbb0b985:3100
handler @ leaflet.js?v=cbb0b985:1733
search?view=map&cent…538453&radiusKm=3:1 Uncaught (in promise) Maximum recursive updates exceeded in component <Search>. This means you have a reactive effect that is mutating its own dependencies and thus recursively triggering itself. Possible sources include component template, render function, updated hook or watcher source function.
Promise.then
queueFlush @ chunk-2MKFL3BX.js?v=cbb0b985:2464
queueJob @ chunk-2MKFL3BX.js?v=cbb0b985:2459
baseWatchOptions.scheduler @ chunk-2MKFL3BX.js?v=cbb0b985:3039
effect2.scheduler @ chunk-2MKFL3BX.js?v=cbb0b985:2088
trigger @ chunk-2MKFL3BX.js?v=cbb0b985:533
endBatch @ chunk-2MKFL3BX.js?v=cbb0b985:591
trigger @ chunk-2MKFL3BX.js?v=cbb0b985:980
set @ chunk-2MKFL3BX.js?v=cbb0b985:1296
set value @ chunk-2MKFL3BX.js?v=cbb0b985:1843
set @ chunk-2MKFL3BX.js?v=cbb0b985:1280
set @ pinia.js?v=cbb0b985:5200
updateGeoFilters @ listings.ts:111
wrappedAction @ pinia.js?v=cbb0b985:5507
store.<computed> @ pinia.js?v=cbb0b985:5204
handleCenterChange @ Search.vue:252
callWithErrorHandling @ chunk-2MKFL3BX.js?v=cbb0b985:2342
callWithAsyncErrorHandling @ chunk-2MKFL3BX.js?v=cbb0b985:2349
emit @ chunk-2MKFL3BX.js?v=cbb0b985:6534
(anonymous) @ chunk-2MKFL3BX.js?v=cbb0b985:10390
(anonymous) @ MapExplorer.vue:96
fire @ leaflet.js?v=cbb0b985:387
_moveEnd @ leaflet.js?v=cbb0b985:2821
_onZoomTransitionEnd @ leaflet.js?v=cbb0b985:3158
_catchTransitionEnd @ leaflet.js?v=cbb0b985:3100
handler @ leaflet.js?v=cbb0b985:1733
listings.ts:111 [Vue warn]: Unhandled error during execution of app errorHandler
warn$1 @ chunk-2MKFL3BX.js?v=cbb0b985:2195
logError @ chunk-2MKFL3BX.js?v=cbb0b985:2406
handleError @ chunk-2MKFL3BX.js?v=cbb0b985:2398
checkRecursiveUpdates @ chunk-2MKFL3BX.js?v=cbb0b985:2581
check @ chunk-2MKFL3BX.js?v=cbb0b985:2539
flushJobs @ chunk-2MKFL3BX.js?v=cbb0b985:2544
Promise.then
queueFlush @ chunk-2MKFL3BX.js?v=cbb0b985:2464
queueJob @ chunk-2MKFL3BX.js?v=cbb0b985:2459
baseWatchOptions.scheduler @ chunk-2MKFL3BX.js?v=cbb0b985:3039
effect2.scheduler @ chunk-2MKFL3BX.js?v=cbb0b985:2088
trigger @ chunk-2MKFL3BX.js?v=cbb0b985:533
endBatch @ chunk-2MKFL3BX.js?v=cbb0b985:591
trigger @ chunk-2MKFL3BX.js?v=cbb0b985:980
set @ chunk-2MKFL3BX.js?v=cbb0b985:1296
set value @ chunk-2MKFL3BX.js?v=cbb0b985:1843
set @ chunk-2MKFL3BX.js?v=cbb0b985:1280
set @ pinia.js?v=cbb0b985:5200
updateGeoFilters @ listings.ts:111
wrappedAction @ pinia.js?v=cbb0b985:5507
store.<computed> @ pinia.js?v=cbb0b985:5204
handleCenterChange @ Search.vue:252
callWithErrorHandling @ chunk-2MKFL3BX.js?v=cbb0b985:2342
callWithAsyncErrorHandling @ chunk-2MKFL3BX.js?v=cbb0b985:2349
emit @ chunk-2MKFL3BX.js?v=cbb0b985:6534
(anonymous) @ chunk-2MKFL3BX.js?v=cbb0b985:10390
(anonymous) @ MapExplorer.vue:96
fire @ leaflet.js?v=cbb0b985:387
_moveEnd @ leaflet.js?v=cbb0b985:2821
_onZoomTransitionEnd @ leaflet.js?v=cbb0b985:3158
setTimeout
_animateZoom @ leaflet.js?v=cbb0b985:3142
(anonymous) @ leaflet.js?v=cbb0b985:3119
requestAnimationFrame
requestAnimFrame @ leaflet.js?v=cbb0b985:145
_tryAnimatedZoom @ leaflet.js?v=cbb0b985:3118
setView @ leaflet.js?v=cbb0b985:2066
setZoomAround @ leaflet.js?v=cbb0b985:2104
_performZoom @ leaflet.js?v=cbb0b985:9295
setTimeout
_onWheelScroll @ leaflet.js?v=cbb0b985:9280
handler @ leaflet.js?v=cbb0b985:1733
search?view=map&cent…538453&radiusKm=3:1 Uncaught (in promise) Maximum recursive updates exceeded in component <Search>. This means you have a reactive effect that is mutating its own dependencies and thus recursively triggering itself. Possible sources include component template, render function, updated hook or watcher source function.
Promise.then
queueFlush @ chunk-2MKFL3BX.js?v=cbb0b985:2464
queueJob @ chunk-2MKFL3BX.js?v=cbb0b985:2459
baseWatchOptions.scheduler @ chunk-2MKFL3BX.js?v=cbb0b985:3039
effect2.scheduler @ chunk-2MKFL3BX.js?v=cbb0b985:2088
trigger @ chunk-2MKFL3BX.js?v=cbb0b985:533
endBatch @ chunk-2MKFL3BX.js?v=cbb0b985:591
trigger @ chunk-2MKFL3BX.js?v=cbb0b985:980
set @ chunk-2MKFL3BX.js?v=cbb0b985:1296
set value @ chunk-2MKFL3BX.js?v=cbb0b985:1843
set @ chunk-2MKFL3BX.js?v=cbb0b985:1280
set @ pinia.js?v=cbb0b985:5200
updateGeoFilters @ listings.ts:111
wrappedAction @ pinia.js?v=cbb0b985:5507
store.<computed> @ pinia.js?v=cbb0b985:5204
handleCenterChange @ Search.vue:252
callWithErrorHandling @ chunk-2MKFL3BX.js?v=cbb0b985:2342
callWithAsyncErrorHandling @ chunk-2MKFL3BX.js?v=cbb0b985:2349
emit @ chunk-2MKFL3BX.js?v=cbb0b985:6534
(anonymous) @ chunk-2MKFL3BX.js?v=cbb0b985:10390
(anonymous) @ MapExplorer.vue:96
fire @ leaflet.js?v=cbb0b985:387
_moveEnd @ leaflet.js?v=cbb0b985:2821
_onZoomTransitionEnd @ leaflet.js?v=cbb0b985:3158
setTimeout
_animateZoom @ leaflet.js?v=cbb0b985:3142
(anonymous) @ leaflet.js?v=cbb0b985:3119
requestAnimationFrame
requestAnimFrame @ leaflet.js?v=cbb0b985:145
_tryAnimatedZoom @ leaflet.js?v=cbb0b985:3118
setView @ leaflet.js?v=cbb0b985:2066
setZoomAround @ leaflet.js?v=cbb0b985:2104
_performZoom @ leaflet.js?v=cbb0b985:9295
setTimeout
_onWheelScroll @ leaflet.js?v=cbb0b985:9280
handler @ leaflet.js?v=cbb0b985:1733
listings.ts:111 [Vue warn]: Unhandled error during execution of app errorHandler
warn$1 @ chunk-2MKFL3BX.js?v=cbb0b985:2195
logError @ chunk-2MKFL3BX.js?v=cbb0b985:2406
handleError @ chunk-2MKFL3BX.js?v=cbb0b985:2398
checkRecursiveUpdates @ chunk-2MKFL3BX.js?v=cbb0b985:2581
check @ chunk-2MKFL3BX.js?v=cbb0b985:2539
flushJobs @ chunk-2MKFL3BX.js?v=cbb0b985:2544
Promise.then
queueFlush @ chunk-2MKFL3BX.js?v=cbb0b985:2464
queueJob @ chunk-2MKFL3BX.js?v=cbb0b985:2459
baseWatchOptions.scheduler @ chunk-2MKFL3BX.js?v=cbb0b985:3039
effect2.scheduler @ chunk-2MKFL3BX.js?v=cbb0b985:2088
trigger @ chunk-2MKFL3BX.js?v=cbb0b985:533
endBatch @ chunk-2MKFL3BX.js?v=cbb0b985:591
trigger @ chunk-2MKFL3BX.js?v=cbb0b985:980
set @ chunk-2MKFL3BX.js?v=cbb0b985:1296
set value @ chunk-2MKFL3BX.js?v=cbb0b985:1843
set @ chunk-2MKFL3BX.js?v=cbb0b985:1280
set @ pinia.js?v=cbb0b985:5200
updateGeoFilters @ listings.ts:111
wrappedAction @ pinia.js?v=cbb0b985:5507
store.<computed> @ pinia.js?v=cbb0b985:5204
handleCenterChange @ Search.vue:252
callWithErrorHandling @ chunk-2MKFL3BX.js?v=cbb0b985:2342
callWithAsyncErrorHandling @ chunk-2MKFL3BX.js?v=cbb0b985:2349
emit @ chunk-2MKFL3BX.js?v=cbb0b985:6534
(anonymous) @ chunk-2MKFL3BX.js?v=cbb0b985:10390
(anonymous) @ MapExplorer.vue:96
fire @ leaflet.js?v=cbb0b985:387
_moveEnd @ leaflet.js?v=cbb0b985:2821
_onZoomTransitionEnd @ leaflet.js?v=cbb0b985:3158
_catchTransitionEnd @ leaflet.js?v=cbb0b985:3100
handler @ leaflet.js?v=cbb0b985:1733
search?view=map&cent…538453&radiusKm=3:1 Uncaught (in promise) Maximum recursive updates exceeded in component <Search>. This means you have a reactive effect that is mutating its own dependencies and thus recursively triggering itself. Possible sources include component template, render function, updated hook or watcher source function.
Promise.then
queueFlush @ chunk-2MKFL3BX.js?v=cbb0b985:2464
queueJob @ chunk-2MKFL3BX.js?v=cbb0b985:2459
baseWatchOptions.scheduler @ chunk-2MKFL3BX.js?v=cbb0b985:3039
effect2.scheduler @ chunk-2MKFL3BX.js?v=cbb0b985:2088
trigger @ chunk-2MKFL3BX.js?v=cbb0b985:533
endBatch @ chunk-2MKFL3BX.js?v=cbb0b985:591
trigger @ chunk-2MKFL3BX.js?v=cbb0b985:980
set @ chunk-2MKFL3BX.js?v=cbb0b985:1296
set value @ chunk-2MKFL3BX.js?v=cbb0b985:1843
set @ chunk-2MKFL3BX.js?v=cbb0b985:1280
set @ pinia.js?v=cbb0b985:5200
updateGeoFilters @ listings.ts:111
wrappedAction @ pinia.js?v=cbb0b985:5507
store.<computed> @ pinia.js?v=cbb0b985:5204
handleCenterChange @ Search.vue:252
callWithErrorHandling @ chunk-2MKFL3BX.js?v=cbb0b985:2342
callWithAsyncErrorHandling @ chunk-2MKFL3BX.js?v=cbb0b985:2349
emit @ chunk-2MKFL3BX.js?v=cbb0b985:6534
(anonymous) @ chunk-2MKFL3BX.js?v=cbb0b985:10390
(anonymous) @ MapExplorer.vue:96
fire @ leaflet.js?v=cbb0b985:387
_moveEnd @ leaflet.js?v=cbb0b985:2821
_onZoomTransitionEnd @ leaflet.js?v=cbb0b985:3158
_catchTransitionEnd @ leaflet.js?v=cbb0b985:3100
handler @ leaflet.js?v=cbb0b985:1733
listings.ts:111 [Vue warn]: Unhandled error during execution of app errorHandler
warn$1 @ chunk-2MKFL3BX.js?v=cbb0b985:2195
logError @ chunk-2MKFL3BX.js?v=cbb0b985:2406
handleError @ chunk-2MKFL3BX.js?v=cbb0b985:2398
checkRecursiveUpdates @ chunk-2MKFL3BX.js?v=cbb0b985:2581
check @ chunk-2MKFL3BX.js?v=cbb0b985:2539
flushJobs @ chunk-2MKFL3BX.js?v=cbb0b985:2544
Promise.then
queueFlush @ chunk-2MKFL3BX.js?v=cbb0b985:2464
queueJob @ chunk-2MKFL3BX.js?v=cbb0b985:2459
baseWatchOptions.scheduler @ chunk-2MKFL3BX.js?v=cbb0b985:3039
effect2.scheduler @ chunk-2MKFL3BX.js?v=cbb0b985:2088
trigger @ chunk-2MKFL3BX.js?v=cbb0b985:533
endBatch @ chunk-2MKFL3BX.js?v=cbb0b985:591
trigger @ chunk-2MKFL3BX.js?v=cbb0b985:980
set @ chunk-2MKFL3BX.js?v=cbb0b985:1296
set value @ chunk-2MKFL3BX.js?v=cbb0b985:1843
set @ chunk-2MKFL3BX.js?v=cbb0b985:1280
set @ pinia.js?v=cbb0b985:5200
updateGeoFilters @ listings.ts:111
wrappedAction @ pinia.js?v=cbb0b985:5507
store.<computed> @ pinia.js?v=cbb0b985:5204
handleCenterChange @ Search.vue:252
callWithErrorHandling @ chunk-2MKFL3BX.js?v=cbb0b985:2342
callWithAsyncErrorHandling @ chunk-2MKFL3BX.js?v=cbb0b985:2349
emit @ chunk-2MKFL3BX.js?v=cbb0b985:6534
(anonymous) @ chunk-2MKFL3BX.js?v=cbb0b985:10390
(anonymous) @ MapExplorer.vue:96
fire @ leaflet.js?v=cbb0b985:387
_moveEnd @ leaflet.js?v=cbb0b985:2821
_onZoomTransitionEnd @ leaflet.js?v=cbb0b985:3158
_catchTransitionEnd @ leaflet.js?v=cbb0b985:3100
handler @ leaflet.js?v=cbb0b985:1733
search?view=map&cent…538453&radiusKm=3:1 Uncaught (in promise) Maximum recursive updates exceeded in component <Search>. This means you have a reactive effect that is mutating its own dependencies and thus recursively triggering itself. Possible sources include component template, render function, updated hook or watcher source function.
Promise.then
queueFlush @ chunk-2MKFL3BX.js?v=cbb0b985:2464
queueJob @ chunk-2MKFL3BX.js?v=cbb0b985:2459
baseWatchOptions.scheduler @ chunk-2MKFL3BX.js?v=cbb0b985:3039
effect2.scheduler @ chunk-2MKFL3BX.js?v=cbb0b985:2088
trigger @ chunk-2MKFL3BX.js?v=cbb0b985:533
endBatch @ chunk-2MKFL3BX.js?v=cbb0b985:591
trigger @ chunk-2MKFL3BX.js?v=cbb0b985:980
set @ chunk-2MKFL3BX.js?v=cbb0b985:1296
set value @ chunk-2MKFL3BX.js?v=cbb0b985:1843
set @ chunk-2MKFL3BX.js?v=cbb0b985:1280
set @ pinia.js?v=cbb0b985:5200
updateGeoFilters @ listings.ts:111
wrappedAction @ pinia.js?v=cbb0b985:5507
store.<computed> @ pinia.js?v=cbb0b985:5204
handleCenterChange @ Search.vue:252
callWithErrorHandling @ chunk-2MKFL3BX.js?v=cbb0b985:2342
callWithAsyncErrorHandling @ chunk-2MKFL3BX.js?v=cbb0b985:2349
emit @ chunk-2MKFL3BX.js?v=cbb0b985:6534
(anonymous) @ chunk-2MKFL3BX.js?v=cbb0b985:10390
(anonymous) @ MapExplorer.vue:96
fire @ leaflet.js?v=cbb0b985:387
_moveEnd @ leaflet.js?v=cbb0b985:2821
_onZoomTransitionEnd @ leaflet.js?v=cbb0b985:3158
_catchTransitionEnd @ leaflet.js?v=cbb0b985:3100
handler @ leaflet.js?v=cbb0b985:1733
listings.ts:111 [Vue warn]: Unhandled error during execution of app errorHandler
warn$1 @ chunk-2MKFL3BX.js?v=cbb0b985:2195
logError @ chunk-2MKFL3BX.js?v=cbb0b985:2406
handleError @ chunk-2MKFL3BX.js?v=cbb0b985:2398
checkRecursiveUpdates @ chunk-2MKFL3BX.js?v=cbb0b985:2581
check @ chunk-2MKFL3BX.js?v=cbb0b985:2539
flushJobs @ chunk-2MKFL3BX.js?v=cbb0b985:2544
Promise.then
queueFlush @ chunk-2MKFL3BX.js?v=cbb0b985:2464
queueJob @ chunk-2MKFL3BX.js?v=cbb0b985:2459
baseWatchOptions.scheduler @ chunk-2MKFL3BX.js?v=cbb0b985:3039
effect2.scheduler @ chunk-2MKFL3BX.js?v=cbb0b985:2088
trigger @ chunk-2MKFL3BX.js?v=cbb0b985:533
endBatch @ chunk-2MKFL3BX.js?v=cbb0b985:591
trigger @ chunk-2MKFL3BX.js?v=cbb0b985:980
set @ chunk-2MKFL3BX.js?v=cbb0b985:1296
set value @ chunk-2MKFL3BX.js?v=cbb0b985:1843
set @ chunk-2MKFL3BX.js?v=cbb0b985:1280
set @ pinia.js?v=cbb0b985:5200
updateGeoFilters @ listings.ts:111
wrappedAction @ pinia.js?v=cbb0b985:5507
store.<computed> @ pinia.js?v=cbb0b985:5204
handleCenterChange @ Search.vue:252
callWithErrorHandling @ chunk-2MKFL3BX.js?v=cbb0b985:2342
callWithAsyncErrorHandling @ chunk-2MKFL3BX.js?v=cbb0b985:2349
emit @ chunk-2MKFL3BX.js?v=cbb0b985:6534
(anonymous) @ chunk-2MKFL3BX.js?v=cbb0b985:10390
(anonymous) @ MapExplorer.vue:96
fire @ leaflet.js?v=cbb0b985:387
_moveEnd @ leaflet.js?v=cbb0b985:2821
_onZoomTransitionEnd @ leaflet.js?v=cbb0b985:3158
_catchTransitionEnd @ leaflet.js?v=cbb0b985:3100
handler @ leaflet.js?v=cbb0b985:1733
search?view=map&cent…538453&radiusKm=3:1 Uncaught (in promise) Maximum recursive updates exceeded in component <Search>. This means you have a reactive effect that is mutating its own dependencies and thus recursively triggering itself. Possible sources include component template, render function, updated hook or watcher source function.
Promise.then
queueFlush @ chunk-2MKFL3BX.js?v=cbb0b985:2464
queueJob @ chunk-2MKFL3BX.js?v=cbb0b985:2459
baseWatchOptions.scheduler @ chunk-2MKFL3BX.js?v=cbb0b985:3039
effect2.scheduler @ chunk-2MKFL3BX.js?v=cbb0b985:2088
trigger @ chunk-2MKFL3BX.js?v=cbb0b985:533
endBatch @ chunk-2MKFL3BX.js?v=cbb0b985:591
trigger @ chunk-2MKFL3BX.js?v=cbb0b985:980
set @ chunk-2MKFL3BX.js?v=cbb0b985:1296
set value @ chunk-2MKFL3BX.js?v=cbb0b985:1843
set @ chunk-2MKFL3BX.js?v=cbb0b985:1280
set @ pinia.js?v=cbb0b985:5200
updateGeoFilters @ listings.ts:111
wrappedAction @ pinia.js?v=cbb0b985:5507
store.<computed> @ pinia.js?v=cbb0b985:5204
handleCenterChange @ Search.vue:252
callWithErrorHandling @ chunk-2MKFL3BX.js?v=cbb0b985:2342
callWithAsyncErrorHandling @ chunk-2MKFL3BX.js?v=cbb0b985:2349
emit @ chunk-2MKFL3BX.js?v=cbb0b985:6534
(anonymous) @ chunk-2MKFL3BX.js?v=cbb0b985:10390
(anonymous) @ MapExplorer.vue:96
fire @ leaflet.js?v=cbb0b985:387
_moveEnd @ leaflet.js?v=cbb0b985:2821
_onZoomTransitionEnd @ leaflet.js?v=cbb0b985:3158
_catchTransitionEnd @ leaflet.js?v=cbb0b985:3100
handler @ leaflet.js?v=cbb0b985:1733
